{"C:\\Users\\sarah\\OneDrive\\School\\College\\Comp Sci\\SoftwareEng\\Project\\Spreadsheet\\webpack.config.ts": {"path":"C:\\Users\\sarah\\OneDrive\\School\\College\\Comp Sci\\SoftwareEng\\Project\\Spreadsheet\\webpack.config.ts","statementMap":{"0":{"start":{"line":3,"column":0},"end":{"line":10,"column":1}}},"fnMap":{},"branchMap":{},"s":{"0":0},"f":{},"b":{}}
,"C:\\Users\\sarah\\OneDrive\\School\\College\\Comp Sci\\SoftwareEng\\Project\\Spreadsheet\\src\\react-app-env.d.ts": {"path":"C:\\Users\\sarah\\OneDrive\\School\\College\\Comp Sci\\SoftwareEng\\Project\\Spreadsheet\\src\\react-app-env.d.ts","statementMap":{},"fnMap":{},"branchMap":{},"s":{},"f":{},"b":{}}
,"C:\\Users\\sarah\\OneDrive\\School\\College\\Comp Sci\\SoftwareEng\\Project\\Spreadsheet\\src\\reportWebVitals.ts": {"path":"C:\\Users\\sarah\\OneDrive\\School\\College\\Comp Sci\\SoftwareEng\\Project\\Spreadsheet\\src\\reportWebVitals.ts","statementMap":{"0":{"start":{"line":3,"column":24},"end":{"line":13,"column":1}},"1":{"start":{"line":4,"column":2},"end":{"line":12,"column":3}},"2":{"start":{"line":5,"column":4},"end":{"line":11,"column":7}},"3":{"start":{"line":6,"column":6},"end":{"line":6,"column":26}},"4":{"start":{"line":7,"column":6},"end":{"line":7,"column":26}},"5":{"start":{"line":8,"column":6},"end":{"line":8,"column":26}},"6":{"start":{"line":9,"column":6},"end":{"line":9,"column":26}},"7":{"start":{"line":10,"column":6},"end":{"line":10,"column":27}}},"fnMap":{"0":{"name":"(anonymous_0)","decl":{"start":{"line":3,"column":24},"end":{"line":3,"column":25}},"loc":{"start":{"line":3,"column":57},"end":{"line":13,"column":1}},"line":3},"1":{"name":"(anonymous_1)","decl":{"start":{"line":5,"column":30},"end":{"line":5,"column":31}},"loc":{"start":{"line":5,"column":79},"end":{"line":11,"column":5}},"line":5}},"branchMap":{"0":{"loc":{"start":{"line":4,"column":2},"end":{"line":12,"column":3}},"type":"if","locations":[{"start":{"line":4,"column":2},"end":{"line":12,"column":3}},{"start":{},"end":{}}],"line":4},"1":{"loc":{"start":{"line":4,"column":6},"end":{"line":4,"column":52}},"type":"binary-expr","locations":[{"start":{"line":4,"column":6},"end":{"line":4,"column":17}},{"start":{"line":4,"column":21},"end":{"line":4,"column":52}}],"line":4}},"s":{"0":0,"1":0,"2":0,"3":0,"4":0,"5":0,"6":0,"7":0},"f":{"0":0,"1":0},"b":{"0":[0,0],"1":[0,0]}}
,"C:\\Users\\sarah\\OneDrive\\School\\College\\Comp Sci\\SoftwareEng\\Project\\Spreadsheet\\src\\setupTests.ts": {"path":"C:\\Users\\sarah\\OneDrive\\School\\College\\Comp Sci\\SoftwareEng\\Project\\Spreadsheet\\src\\setupTests.ts","statementMap":{},"fnMap":{},"branchMap":{},"s":{},"f":{},"b":{}}
,"C:\\Users\\sarah\\OneDrive\\School\\College\\Comp Sci\\SoftwareEng\\Project\\Spreadsheet\\src\\redux\\loading.ts": {"path":"C:\\Users\\sarah\\OneDrive\\School\\College\\Comp Sci\\SoftwareEng\\Project\\Spreadsheet\\src\\redux\\loading.ts","statementMap":{"0":{"start":{"line":8,"column":35},"end":{"line":10,"column":1}},"1":{"start":{"line":12,"column":28},"end":{"line":20,"column":2}},"2":{"start":{"line":17,"column":8},"end":{"line":17,"column":57}},"3":{"start":{"line":23,"column":33},"end":{"line":23,"column":53}}},"fnMap":{"0":{"name":"(anonymous_0)","decl":{"start":{"line":16,"column":19},"end":{"line":16,"column":20}},"loc":{"start":{"line":16,"column":37},"end":{"line":18,"column":6}},"line":16}},"branchMap":{},"s":{"0":0,"1":0,"2":0,"3":0},"f":{"0":0},"b":{}}
,"C:\\Users\\sarah\\OneDrive\\School\\College\\Comp Sci\\SoftwareEng\\Project\\Spreadsheet\\src\\redux\\login.ts": {"path":"C:\\Users\\sarah\\OneDrive\\School\\College\\Comp Sci\\SoftwareEng\\Project\\Spreadsheet\\src\\redux\\login.ts","statementMap":{"0":{"start":{"line":8,"column":33},"end":{"line":10,"column":1}},"1":{"start":{"line":12,"column":26},"end":{"line":20,"column":2}},"2":{"start":{"line":17,"column":6},"end":{"line":17,"column":41}},"3":{"start":{"line":23,"column":29},"end":{"line":23,"column":47}}},"fnMap":{"0":{"name":"(anonymous_0)","decl":{"start":{"line":16,"column":15},"end":{"line":16,"column":16}},"loc":{"start":{"line":16,"column":62},"end":{"line":18,"column":5}},"line":16}},"branchMap":{},"s":{"0":0,"1":0,"2":0,"3":0},"f":{"0":0},"b":{}}
,"C:\\Users\\sarah\\OneDrive\\School\\College\\Comp Sci\\SoftwareEng\\Project\\Spreadsheet\\src\\redux\\store.ts": {"path":"C:\\Users\\sarah\\OneDrive\\School\\College\\Comp Sci\\SoftwareEng\\Project\\Spreadsheet\\src\\redux\\store.ts","statementMap":{"0":{"start":{"line":5,"column":21},"end":{"line":10,"column":2}}},"fnMap":{},"branchMap":{},"s":{"0":0},"f":{},"b":{}}
,"C:\\Users\\sarah\\OneDrive\\School\\College\\Comp Sci\\SoftwareEng\\Project\\Spreadsheet\\src\\spreadsheet\\db\\index.ts": {"path":"C:\\Users\\sarah\\OneDrive\\School\\College\\Comp Sci\\SoftwareEng\\Project\\Spreadsheet\\src\\spreadsheet\\db\\index.ts","statementMap":{},"fnMap":{},"branchMap":{},"s":{},"f":{},"b":{}}
,"C:\\Users\\sarah\\OneDrive\\School\\College\\Comp Sci\\SoftwareEng\\Project\\Spreadsheet\\src\\spreadsheet\\model\\Cell.ts": {"path":"C:\\Users\\sarah\\OneDrive\\School\\College\\Comp Sci\\SoftwareEng\\Project\\Spreadsheet\\src\\spreadsheet\\model\\Cell.ts","statementMap":{"0":{"start":{"line":9,"column":4},"end":{"line":9,"column":29}},"1":{"start":{"line":10,"column":4},"end":{"line":10,"column":37}},"2":{"start":{"line":11,"column":4},"end":{"line":11,"column":23}},"3":{"start":{"line":17,"column":4},"end":{"line":17,"column":26}},"4":{"start":{"line":21,"column":4},"end":{"line":21,"column":30}},"5":{"start":{"line":26,"column":4},"end":{"line":26,"column":29}},"6":{"start":{"line":31,"column":4},"end":{"line":31,"column":25}},"7":{"start":{"line":35,"column":4},"end":{"line":35,"column":22}},"8":{"start":{"line":39,"column":4},"end":{"line":39,"column":23}},"9":{"start":{"line":45,"column":4},"end":{"line":45,"column":22}}},"fnMap":{"0":{"name":"(anonymous_0)","decl":{"start":{"line":8,"column":2},"end":{"line":8,"column":3}},"loc":{"start":{"line":8,"column":64},"end":{"line":12,"column":3}},"line":8},"1":{"name":"(anonymous_1)","decl":{"start":{"line":16,"column":2},"end":{"line":16,"column":3}},"loc":{"start":{"line":16,"column":35},"end":{"line":18,"column":3}},"line":16},"2":{"name":"(anonymous_2)","decl":{"start":{"line":20,"column":2},"end":{"line":20,"column":3}},"loc":{"start":{"line":20,"column":39},"end":{"line":22,"column":3}},"line":20},"3":{"name":"(anonymous_3)","decl":{"start":{"line":24,"column":2},"end":{"line":24,"column":3}},"loc":{"start":{"line":24,"column":30},"end":{"line":27,"column":3}},"line":24},"4":{"name":"(anonymous_4)","decl":{"start":{"line":30,"column":2},"end":{"line":30,"column":3}},"loc":{"start":{"line":30,"column":24},"end":{"line":32,"column":3}},"line":30},"5":{"name":"(anonymous_5)","decl":{"start":{"line":34,"column":2},"end":{"line":34,"column":3}},"loc":{"start":{"line":34,"column":20},"end":{"line":36,"column":3}},"line":34},"6":{"name":"(anonymous_6)","decl":{"start":{"line":38,"column":2},"end":{"line":38,"column":3}},"loc":{"start":{"line":38,"column":22},"end":{"line":40,"column":3}},"line":38},"7":{"name":"(anonymous_7)","decl":{"start":{"line":44,"column":2},"end":{"line":44,"column":3}},"loc":{"start":{"line":44,"column":23},"end":{"line":46,"column":3}},"line":44}},"branchMap":{"0":{"loc":{"start":{"line":8,"column":14},"end":{"line":8,"column":35}},"type":"default-arg","locations":[{"start":{"line":8,"column":33},"end":{"line":8,"column":35}}],"line":8},"1":{"loc":{"start":{"line":8,"column":37},"end":{"line":8,"column":62}},"type":"default-arg","locations":[{"start":{"line":8,"column":60},"end":{"line":8,"column":62}}],"line":8}},"s":{"0":959,"1":959,"2":959,"3":6,"4":7,"5":619,"6":147,"7":7,"8":50,"9":13},"f":{"0":959,"1":6,"2":7,"3":619,"4":147,"5":7,"6":50,"7":13},"b":{"0":[0],"1":[30]},"_coverageSchema":"1a1c01bbd47fc00a2c39e90264f33305004495a9","hash":"a484e0bbb8e480cbfbd9cae2ecf268d60f83c9d3"}
,"C:\\Users\\sarah\\OneDrive\\School\\College\\Comp Sci\\SoftwareEng\\Project\\Spreadsheet\\src\\spreadsheet\\model\\FormulaFunction.spec.ts": {"path":"C:\\Users\\sarah\\OneDrive\\School\\College\\Comp Sci\\SoftwareEng\\Project\\Spreadsheet\\src\\spreadsheet\\model\\FormulaFunction.spec.ts","statementMap":{"0":{"start":{"line":5,"column":0},"end":{"line":170,"column":3}},"1":{"start":{"line":6,"column":2},"end":{"line":12,"column":5}},"2":{"start":{"line":7,"column":14},"end":{"line":7,"column":48}},"3":{"start":{"line":8,"column":23},"end":{"line":8,"column":43}},"4":{"start":{"line":9,"column":17},"end":{"line":9,"column":42}},"5":{"start":{"line":10,"column":4},"end":{"line":10,"column":48}},"6":{"start":{"line":11,"column":4},"end":{"line":11,"column":47}},"7":{"start":{"line":14,"column":2},"end":{"line":26,"column":5}},"8":{"start":{"line":16,"column":14},"end":{"line":16,"column":48}},"9":{"start":{"line":17,"column":23},"end":{"line":17,"column":33}},"10":{"start":{"line":19,"column":4},"end":{"line":19,"column":24}},"11":{"start":{"line":20,"column":4},"end":{"line":20,"column":23}},"12":{"start":{"line":21,"column":4},"end":{"line":21,"column":23}},"13":{"start":{"line":22,"column":4},"end":{"line":22,"column":24}},"14":{"start":{"line":23,"column":15},"end":{"line":23,"column":41}},"15":{"start":{"line":25,"column":4},"end":{"line":25,"column":46}},"16":{"start":{"line":28,"column":2},"end":{"line":35,"column":5}},"17":{"start":{"line":30,"column":14},"end":{"line":30,"column":48}},"18":{"start":{"line":32,"column":17},"end":{"line":32,"column":36}},"19":{"start":{"line":34,"column":4},"end":{"line":34,"column":48}},"20":{"start":{"line":37,"column":2},"end":{"line":48,"column":5}},"21":{"start":{"line":38,"column":14},"end":{"line":38,"column":48}},"22":{"start":{"line":40,"column":4},"end":{"line":40,"column":23}},"23":{"start":{"line":41,"column":4},"end":{"line":41,"column":23}},"24":{"start":{"line":42,"column":4},"end":{"line":42,"column":23}},"25":{"start":{"line":43,"column":4},"end":{"line":43,"column":23}},"26":{"start":{"line":45,"column":4},"end":{"line":45,"column":40}},"27":{"start":{"line":47,"column":4},"end":{"line":47,"column":57}},"28":{"start":{"line":50,"column":2},"end":{"line":63,"column":5}},"29":{"start":{"line":52,"column":14},"end":{"line":52,"column":48}},"30":{"start":{"line":53,"column":23},"end":{"line":53,"column":33}},"31":{"start":{"line":54,"column":24},"end":{"line":54,"column":34}},"32":{"start":{"line":56,"column":4},"end":{"line":56,"column":24}},"33":{"start":{"line":57,"column":4},"end":{"line":57,"column":24}},"34":{"start":{"line":58,"column":18},"end":{"line":58,"column":44}},"35":{"start":{"line":59,"column":18},"end":{"line":59,"column":45}},"36":{"start":{"line":61,"column":4},"end":{"line":61,"column":49}},"37":{"start":{"line":62,"column":4},"end":{"line":62,"column":49}},"38":{"start":{"line":65,"column":2},"end":{"line":77,"column":5}},"39":{"start":{"line":67,"column":14},"end":{"line":67,"column":48}},"40":{"start":{"line":68,"column":23},"end":{"line":68,"column":33}},"41":{"start":{"line":70,"column":17},"end":{"line":70,"column":36}},"42":{"start":{"line":71,"column":4},"end":{"line":71,"column":24}},"43":{"start":{"line":72,"column":4},"end":{"line":72,"column":31}},"44":{"start":{"line":73,"column":4},"end":{"line":73,"column":31}},"45":{"start":{"line":75,"column":4},"end":{"line":75,"column":59}},"46":{"start":{"line":79,"column":2},"end":{"line":86,"column":5}},"47":{"start":{"line":80,"column":14},"end":{"line":80,"column":48}},"48":{"start":{"line":81,"column":23},"end":{"line":81,"column":41}},"49":{"start":{"line":82,"column":17},"end":{"line":82,"column":42}},"50":{"start":{"line":83,"column":4},"end":{"line":83,"column":48}},"51":{"start":{"line":84,"column":4},"end":{"line":84,"column":48}},"52":{"start":{"line":88,"column":2},"end":{"line":94,"column":5}},"53":{"start":{"line":89,"column":14},"end":{"line":89,"column":48}},"54":{"start":{"line":90,"column":23},"end":{"line":90,"column":41}},"55":{"start":{"line":91,"column":17},"end":{"line":91,"column":42}},"56":{"start":{"line":92,"column":4},"end":{"line":92,"column":48}},"57":{"start":{"line":93,"column":4},"end":{"line":93,"column":47}},"58":{"start":{"line":96,"column":2},"end":{"line":102,"column":5}},"59":{"start":{"line":97,"column":14},"end":{"line":97,"column":48}},"60":{"start":{"line":98,"column":23},"end":{"line":98,"column":45}},"61":{"start":{"line":99,"column":17},"end":{"line":99,"column":42}},"62":{"start":{"line":100,"column":4},"end":{"line":100,"column":48}},"63":{"start":{"line":101,"column":4},"end":{"line":101,"column":49}},"64":{"start":{"line":104,"column":2},"end":{"line":110,"column":5}},"65":{"start":{"line":105,"column":14},"end":{"line":105,"column":48}},"66":{"start":{"line":106,"column":23},"end":{"line":106,"column":43}},"67":{"start":{"line":107,"column":17},"end":{"line":107,"column":42}},"68":{"start":{"line":108,"column":4},"end":{"line":108,"column":48}},"69":{"start":{"line":109,"column":4},"end":{"line":109,"column":47}},"70":{"start":{"line":112,"column":2},"end":{"line":119,"column":5}},"71":{"start":{"line":113,"column":14},"end":{"line":113,"column":48}},"72":{"start":{"line":114,"column":23},"end":{"line":114,"column":41}},"73":{"start":{"line":115,"column":17},"end":{"line":115,"column":42}},"74":{"start":{"line":116,"column":4},"end":{"line":116,"column":48}},"75":{"start":{"line":117,"column":4},"end":{"line":117,"column":47}},"76":{"start":{"line":118,"column":4},"end":{"line":118,"column":42}},"77":{"start":{"line":121,"column":2},"end":{"line":136,"column":5}},"78":{"start":{"line":122,"column":14},"end":{"line":122,"column":48}},"79":{"start":{"line":123,"column":23},"end":{"line":123,"column":42}},"80":{"start":{"line":125,"column":4},"end":{"line":125,"column":23}},"81":{"start":{"line":126,"column":4},"end":{"line":126,"column":23}},"82":{"start":{"line":127,"column":4},"end":{"line":127,"column":23}},"83":{"start":{"line":128,"column":4},"end":{"line":128,"column":23}},"84":{"start":{"line":130,"column":4},"end":{"line":130,"column":47}},"85":{"start":{"line":132,"column":17},"end":{"line":132,"column":31}},"86":{"start":{"line":133,"column":4},"end":{"line":133,"column":48}},"87":{"start":{"line":134,"column":4},"end":{"line":134,"column":48}},"88":{"start":{"line":135,"column":4},"end":{"line":135,"column":42}},"89":{"start":{"line":138,"column":2},"end":{"line":153,"column":5}},"90":{"start":{"line":139,"column":14},"end":{"line":139,"column":48}},"91":{"start":{"line":140,"column":23},"end":{"line":140,"column":42}},"92":{"start":{"line":142,"column":4},"end":{"line":142,"column":23}},"93":{"start":{"line":143,"column":4},"end":{"line":143,"column":23}},"94":{"start":{"line":144,"column":4},"end":{"line":144,"column":23}},"95":{"start":{"line":145,"column":4},"end":{"line":145,"column":23}},"96":{"start":{"line":147,"column":4},"end":{"line":147,"column":47}},"97":{"start":{"line":149,"column":17},"end":{"line":149,"column":31}},"98":{"start":{"line":150,"column":4},"end":{"line":150,"column":48}},"99":{"start":{"line":151,"column":4},"end":{"line":151,"column":48}},"100":{"start":{"line":152,"column":4},"end":{"line":152,"column":42}},"101":{"start":{"line":155,"column":2},"end":{"line":168,"column":5}},"102":{"start":{"line":156,"column":14},"end":{"line":156,"column":52}},"103":{"start":{"line":157,"column":23},"end":{"line":157,"column":36}},"104":{"start":{"line":159,"column":4},"end":{"line":159,"column":23}},"105":{"start":{"line":160,"column":4},"end":{"line":160,"column":23}},"106":{"start":{"line":162,"column":4},"end":{"line":162,"column":47}},"107":{"start":{"line":164,"column":17},"end":{"line":164,"column":31}},"108":{"start":{"line":165,"column":4},"end":{"line":165,"column":48}},"109":{"start":{"line":166,"column":4},"end":{"line":166,"column":48}},"110":{"start":{"line":167,"column":4},"end":{"line":167,"column":42}},"111":{"start":{"line":176,"column":0},"end":{"line":340,"column":3}},"112":{"start":{"line":177,"column":2},"end":{"line":191,"column":5}},"113":{"start":{"line":178,"column":14},"end":{"line":178,"column":50}},"114":{"start":{"line":179,"column":24},"end":{"line":179,"column":30}},"115":{"start":{"line":180,"column":4},"end":{"line":180,"column":23}},"116":{"start":{"line":182,"column":4},"end":{"line":182,"column":19}},"117":{"start":{"line":184,"column":4},"end":{"line":184,"column":41}},"118":{"start":{"line":187,"column":4},"end":{"line":189,"column":5}},"119":{"start":{"line":187,"column":17},"end":{"line":187,"column":18}},"120":{"start":{"line":188,"column":6},"end":{"line":188,"column":59}},"121":{"start":{"line":190,"column":4},"end":{"line":190,"column":57}},"122":{"start":{"line":193,"column":2},"end":{"line":207,"column":5}},"123":{"start":{"line":194,"column":14},"end":{"line":194,"column":50}},"124":{"start":{"line":195,"column":4},"end":{"line":195,"column":23}},"125":{"start":{"line":196,"column":4},"end":{"line":196,"column":41}},"126":{"start":{"line":197,"column":24},"end":{"line":197,"column":38}},"127":{"start":{"line":199,"column":4},"end":{"line":199,"column":19}},"128":{"start":{"line":201,"column":4},"end":{"line":201,"column":49}},"129":{"start":{"line":203,"column":4},"end":{"line":205,"column":5}},"130":{"start":{"line":203,"column":17},"end":{"line":203,"column":18}},"131":{"start":{"line":204,"column":6},"end":{"line":204,"column":59}},"132":{"start":{"line":206,"column":4},"end":{"line":206,"column":59}},"133":{"start":{"line":209,"column":2},"end":{"line":220,"column":5}},"134":{"start":{"line":210,"column":14},"end":{"line":210,"column":50}},"135":{"start":{"line":211,"column":24},"end":{"line":211,"column":38}},"136":{"start":{"line":213,"column":4},"end":{"line":213,"column":29}},"137":{"start":{"line":215,"column":4},"end":{"line":215,"column":49}},"138":{"start":{"line":217,"column":4},"end":{"line":219,"column":5}},"139":{"start":{"line":217,"column":17},"end":{"line":217,"column":18}},"140":{"start":{"line":218,"column":6},"end":{"line":218,"column":69}},"141":{"start":{"line":222,"column":2},"end":{"line":235,"column":5}},"142":{"start":{"line":223,"column":14},"end":{"line":223,"column":50}},"143":{"start":{"line":224,"column":24},"end":{"line":224,"column":38}},"144":{"start":{"line":225,"column":4},"end":{"line":225,"column":23}},"145":{"start":{"line":226,"column":4},"end":{"line":226,"column":19}},"146":{"start":{"line":228,"column":4},"end":{"line":228,"column":49}},"147":{"start":{"line":230,"column":4},"end":{"line":232,"column":5}},"148":{"start":{"line":230,"column":17},"end":{"line":230,"column":18}},"149":{"start":{"line":231,"column":6},"end":{"line":231,"column":59}},"150":{"start":{"line":234,"column":4},"end":{"line":234,"column":58}},"151":{"start":{"line":237,"column":2},"end":{"line":251,"column":5}},"152":{"start":{"line":238,"column":14},"end":{"line":238,"column":50}},"153":{"start":{"line":239,"column":24},"end":{"line":239,"column":38}},"154":{"start":{"line":240,"column":4},"end":{"line":240,"column":23}},"155":{"start":{"line":242,"column":4},"end":{"line":242,"column":19}},"156":{"start":{"line":244,"column":4},"end":{"line":244,"column":49}},"157":{"start":{"line":246,"column":4},"end":{"line":248,"column":5}},"158":{"start":{"line":246,"column":17},"end":{"line":246,"column":18}},"159":{"start":{"line":247,"column":6},"end":{"line":247,"column":59}},"160":{"start":{"line":250,"column":4},"end":{"line":250,"column":58}},"161":{"start":{"line":253,"column":2},"end":{"line":264,"column":5}},"162":{"start":{"line":254,"column":14},"end":{"line":254,"column":50}},"163":{"start":{"line":255,"column":24},"end":{"line":255,"column":38}},"164":{"start":{"line":257,"column":4},"end":{"line":257,"column":29}},"165":{"start":{"line":259,"column":4},"end":{"line":259,"column":49}},"166":{"start":{"line":261,"column":4},"end":{"line":263,"column":5}},"167":{"start":{"line":261,"column":17},"end":{"line":261,"column":18}},"168":{"start":{"line":262,"column":6},"end":{"line":262,"column":69}},"169":{"start":{"line":266,"column":2},"end":{"line":276,"column":5}},"170":{"start":{"line":267,"column":14},"end":{"line":267,"column":50}},"171":{"start":{"line":268,"column":24},"end":{"line":268,"column":38}},"172":{"start":{"line":269,"column":4},"end":{"line":269,"column":23}},"173":{"start":{"line":271,"column":4},"end":{"line":271,"column":19}},"174":{"start":{"line":273,"column":4},"end":{"line":273,"column":49}},"175":{"start":{"line":275,"column":4},"end":{"line":275,"column":58}},"176":{"start":{"line":278,"column":2},"end":{"line":287,"column":5}},"177":{"start":{"line":279,"column":14},"end":{"line":279,"column":50}},"178":{"start":{"line":280,"column":24},"end":{"line":280,"column":38}},"179":{"start":{"line":281,"column":4},"end":{"line":281,"column":23}},"180":{"start":{"line":282,"column":4},"end":{"line":282,"column":19}},"181":{"start":{"line":284,"column":4},"end":{"line":284,"column":49}},"182":{"start":{"line":286,"column":4},"end":{"line":286,"column":58}},"183":{"start":{"line":289,"column":2},"end":{"line":300,"column":5}},"184":{"start":{"line":290,"column":14},"end":{"line":290,"column":50}},"185":{"start":{"line":291,"column":24},"end":{"line":291,"column":38}},"186":{"start":{"line":293,"column":4},"end":{"line":293,"column":33}},"187":{"start":{"line":295,"column":4},"end":{"line":295,"column":49}},"188":{"start":{"line":297,"column":4},"end":{"line":299,"column":5}},"189":{"start":{"line":297,"column":17},"end":{"line":297,"column":18}},"190":{"start":{"line":298,"column":6},"end":{"line":298,"column":73}},"191":{"start":{"line":302,"column":2},"end":{"line":310,"column":5}},"192":{"start":{"line":303,"column":14},"end":{"line":303,"column":50}},"193":{"start":{"line":304,"column":24},"end":{"line":304,"column":38}},"194":{"start":{"line":306,"column":4},"end":{"line":306,"column":33}},"195":{"start":{"line":308,"column":4},"end":{"line":308,"column":45}},"196":{"start":{"line":312,"column":2},"end":{"line":319,"column":5}},"197":{"start":{"line":313,"column":14},"end":{"line":313,"column":50}},"198":{"start":{"line":314,"column":24},"end":{"line":314,"column":38}},"199":{"start":{"line":316,"column":4},"end":{"line":316,"column":33}},"200":{"start":{"line":318,"column":4},"end":{"line":318,"column":45}},"201":{"start":{"line":321,"column":2},"end":{"line":329,"column":5}},"202":{"start":{"line":322,"column":14},"end":{"line":322,"column":50}},"203":{"start":{"line":323,"column":24},"end":{"line":323,"column":38}},"204":{"start":{"line":325,"column":4},"end":{"line":325,"column":33}},"205":{"start":{"line":327,"column":4},"end":{"line":327,"column":45}},"206":{"start":{"line":331,"column":2},"end":{"line":338,"column":5}},"207":{"start":{"line":332,"column":14},"end":{"line":332,"column":50}},"208":{"start":{"line":333,"column":24},"end":{"line":333,"column":38}},"209":{"start":{"line":335,"column":4},"end":{"line":335,"column":33}},"210":{"start":{"line":337,"column":4},"end":{"line":337,"column":45}},"211":{"start":{"line":342,"column":0},"end":{"line":421,"column":3}},"212":{"start":{"line":344,"column":2},"end":{"line":350,"column":5}},"213":{"start":{"line":345,"column":14},"end":{"line":345,"column":48}},"214":{"start":{"line":346,"column":23},"end":{"line":346,"column":91}},"215":{"start":{"line":347,"column":17},"end":{"line":347,"column":42}},"216":{"start":{"line":348,"column":4},"end":{"line":348,"column":51}},"217":{"start":{"line":349,"column":4},"end":{"line":349,"column":42}},"218":{"start":{"line":352,"column":2},"end":{"line":358,"column":5}},"219":{"start":{"line":353,"column":14},"end":{"line":353,"column":48}},"220":{"start":{"line":354,"column":23},"end":{"line":354,"column":48}},"221":{"start":{"line":355,"column":17},"end":{"line":355,"column":42}},"222":{"start":{"line":356,"column":4},"end":{"line":356,"column":68}},"223":{"start":{"line":357,"column":4},"end":{"line":357,"column":41}},"224":{"start":{"line":360,"column":2},"end":{"line":371,"column":5}},"225":{"start":{"line":362,"column":14},"end":{"line":362,"column":48}},"226":{"start":{"line":363,"column":23},"end":{"line":363,"column":39}},"227":{"start":{"line":365,"column":4},"end":{"line":365,"column":25}},"228":{"start":{"line":366,"column":4},"end":{"line":366,"column":25}},"229":{"start":{"line":367,"column":17},"end":{"line":367,"column":43}},"230":{"start":{"line":369,"column":4},"end":{"line":369,"column":52}},"231":{"start":{"line":370,"column":4},"end":{"line":370,"column":42}},"232":{"start":{"line":373,"column":2},"end":{"line":379,"column":5}},"233":{"start":{"line":374,"column":14},"end":{"line":374,"column":50}},"234":{"start":{"line":375,"column":23},"end":{"line":375,"column":47}},"235":{"start":{"line":376,"column":17},"end":{"line":376,"column":44}},"236":{"start":{"line":377,"column":4},"end":{"line":377,"column":67}},"237":{"start":{"line":378,"column":4},"end":{"line":378,"column":41}},"238":{"start":{"line":381,"column":4},"end":{"line":387,"column":7}},"239":{"start":{"line":382,"column":16},"end":{"line":382,"column":52}},"240":{"start":{"line":383,"column":25},"end":{"line":383,"column":42}},"241":{"start":{"line":384,"column":19},"end":{"line":384,"column":46}},"242":{"start":{"line":385,"column":6},"end":{"line":385,"column":62}},"243":{"start":{"line":386,"column":6},"end":{"line":386,"column":43}},"244":{"start":{"line":389,"column":4},"end":{"line":395,"column":7}},"245":{"start":{"line":390,"column":16},"end":{"line":390,"column":52}},"246":{"start":{"line":391,"column":25},"end":{"line":391,"column":36}},"247":{"start":{"line":392,"column":19},"end":{"line":392,"column":46}},"248":{"start":{"line":393,"column":6},"end":{"line":393,"column":56}},"249":{"start":{"line":394,"column":6},"end":{"line":394,"column":43}},"250":{"start":{"line":397,"column":4},"end":{"line":403,"column":7}},"251":{"start":{"line":398,"column":16},"end":{"line":398,"column":52}},"252":{"start":{"line":399,"column":25},"end":{"line":399,"column":45}},"253":{"start":{"line":400,"column":19},"end":{"line":400,"column":46}},"254":{"start":{"line":401,"column":6},"end":{"line":401,"column":65}},"255":{"start":{"line":402,"column":6},"end":{"line":402,"column":43}},"256":{"start":{"line":405,"column":4},"end":{"line":411,"column":7}},"257":{"start":{"line":406,"column":16},"end":{"line":406,"column":52}},"258":{"start":{"line":407,"column":25},"end":{"line":407,"column":35}},"259":{"start":{"line":408,"column":19},"end":{"line":408,"column":46}},"260":{"start":{"line":409,"column":6},"end":{"line":409,"column":55}},"261":{"start":{"line":410,"column":6},"end":{"line":410,"column":43}},"262":{"start":{"line":413,"column":4},"end":{"line":419,"column":7}},"263":{"start":{"line":414,"column":16},"end":{"line":414,"column":52}},"264":{"start":{"line":415,"column":25},"end":{"line":415,"column":44}},"265":{"start":{"line":416,"column":19},"end":{"line":416,"column":46}},"266":{"start":{"line":417,"column":6},"end":{"line":417,"column":64}},"267":{"start":{"line":418,"column":6},"end":{"line":418,"column":43}}},"fnMap":{"0":{"name":"(anonymous_0)","decl":{"start":{"line":5,"column":54},"end":{"line":5,"column":55}},"loc":{"start":{"line":5,"column":60},"end":{"line":170,"column":1}},"line":5},"1":{"name":"(anonymous_1)","decl":{"start":{"line":6,"column":63},"end":{"line":6,"column":64}},"loc":{"start":{"line":6,"column":69},"end":{"line":12,"column":3}},"line":6},"2":{"name":"(anonymous_2)","decl":{"start":{"line":14,"column":54},"end":{"line":14,"column":55}},"loc":{"start":{"line":14,"column":60},"end":{"line":26,"column":3}},"line":14},"3":{"name":"(anonymous_3)","decl":{"start":{"line":28,"column":50},"end":{"line":28,"column":51}},"loc":{"start":{"line":28,"column":56},"end":{"line":35,"column":3}},"line":28},"4":{"name":"(anonymous_4)","decl":{"start":{"line":37,"column":60},"end":{"line":37,"column":61}},"loc":{"start":{"line":37,"column":66},"end":{"line":48,"column":3}},"line":37},"5":{"name":"(anonymous_5)","decl":{"start":{"line":50,"column":62},"end":{"line":50,"column":63}},"loc":{"start":{"line":50,"column":68},"end":{"line":63,"column":3}},"line":50},"6":{"name":"(anonymous_6)","decl":{"start":{"line":65,"column":75},"end":{"line":65,"column":76}},"loc":{"start":{"line":65,"column":81},"end":{"line":77,"column":3}},"line":65},"7":{"name":"(anonymous_7)","decl":{"start":{"line":79,"column":45},"end":{"line":79,"column":46}},"loc":{"start":{"line":79,"column":51},"end":{"line":86,"column":3}},"line":79},"8":{"name":"(anonymous_8)","decl":{"start":{"line":88,"column":45},"end":{"line":88,"column":46}},"loc":{"start":{"line":88,"column":51},"end":{"line":94,"column":3}},"line":88},"9":{"name":"(anonymous_9)","decl":{"start":{"line":96,"column":49},"end":{"line":96,"column":50}},"loc":{"start":{"line":96,"column":55},"end":{"line":102,"column":3}},"line":96},"10":{"name":"(anonymous_10)","decl":{"start":{"line":104,"column":47},"end":{"line":104,"column":48}},"loc":{"start":{"line":104,"column":53},"end":{"line":110,"column":3}},"line":104},"11":{"name":"(anonymous_11)","decl":{"start":{"line":112,"column":45},"end":{"line":112,"column":46}},"loc":{"start":{"line":112,"column":51},"end":{"line":119,"column":3}},"line":112},"12":{"name":"(anonymous_12)","decl":{"start":{"line":121,"column":59},"end":{"line":121,"column":60}},"loc":{"start":{"line":121,"column":65},"end":{"line":136,"column":3}},"line":121},"13":{"name":"(anonymous_13)","decl":{"start":{"line":138,"column":68},"end":{"line":138,"column":69}},"loc":{"start":{"line":138,"column":74},"end":{"line":153,"column":3}},"line":138},"14":{"name":"(anonymous_14)","decl":{"start":{"line":155,"column":63},"end":{"line":155,"column":64}},"loc":{"start":{"line":155,"column":69},"end":{"line":168,"column":3}},"line":155},"15":{"name":"(anonymous_15)","decl":{"start":{"line":176,"column":51},"end":{"line":176,"column":52}},"loc":{"start":{"line":176,"column":57},"end":{"line":340,"column":1}},"line":176},"16":{"name":"(anonymous_16)","decl":{"start":{"line":177,"column":64},"end":{"line":177,"column":65}},"loc":{"start":{"line":177,"column":70},"end":{"line":191,"column":3}},"line":177},"17":{"name":"(anonymous_17)","decl":{"start":{"line":193,"column":61},"end":{"line":193,"column":62}},"loc":{"start":{"line":193,"column":67},"end":{"line":207,"column":3}},"line":193},"18":{"name":"(anonymous_18)","decl":{"start":{"line":209,"column":58},"end":{"line":209,"column":59}},"loc":{"start":{"line":209,"column":64},"end":{"line":220,"column":3}},"line":209},"19":{"name":"(anonymous_19)","decl":{"start":{"line":222,"column":67},"end":{"line":222,"column":68}},"loc":{"start":{"line":222,"column":73},"end":{"line":235,"column":3}},"line":222},"20":{"name":"(anonymous_20)","decl":{"start":{"line":237,"column":64},"end":{"line":237,"column":65}},"loc":{"start":{"line":237,"column":70},"end":{"line":251,"column":3}},"line":237},"21":{"name":"(anonymous_21)","decl":{"start":{"line":253,"column":61},"end":{"line":253,"column":62}},"loc":{"start":{"line":253,"column":67},"end":{"line":264,"column":3}},"line":253},"22":{"name":"(anonymous_22)","decl":{"start":{"line":266,"column":64},"end":{"line":266,"column":65}},"loc":{"start":{"line":266,"column":70},"end":{"line":276,"column":3}},"line":266},"23":{"name":"(anonymous_23)","decl":{"start":{"line":278,"column":61},"end":{"line":278,"column":62}},"loc":{"start":{"line":278,"column":67},"end":{"line":287,"column":3}},"line":278},"24":{"name":"(anonymous_24)","decl":{"start":{"line":289,"column":58},"end":{"line":289,"column":59}},"loc":{"start":{"line":289,"column":64},"end":{"line":300,"column":3}},"line":289},"25":{"name":"(anonymous_25)","decl":{"start":{"line":302,"column":46},"end":{"line":302,"column":47}},"loc":{"start":{"line":302,"column":52},"end":{"line":310,"column":3}},"line":302},"26":{"name":"(anonymous_26)","decl":{"start":{"line":312,"column":46},"end":{"line":312,"column":47}},"loc":{"start":{"line":312,"column":52},"end":{"line":319,"column":3}},"line":312},"27":{"name":"(anonymous_27)","decl":{"start":{"line":321,"column":46},"end":{"line":321,"column":47}},"loc":{"start":{"line":321,"column":52},"end":{"line":329,"column":3}},"line":321},"28":{"name":"(anonymous_28)","decl":{"start":{"line":331,"column":46},"end":{"line":331,"column":47}},"loc":{"start":{"line":331,"column":52},"end":{"line":338,"column":3}},"line":331},"29":{"name":"(anonymous_29)","decl":{"start":{"line":342,"column":68},"end":{"line":342,"column":69}},"loc":{"start":{"line":342,"column":74},"end":{"line":421,"column":1}},"line":342},"30":{"name":"(anonymous_30)","decl":{"start":{"line":344,"column":51},"end":{"line":344,"column":52}},"loc":{"start":{"line":344,"column":57},"end":{"line":350,"column":3}},"line":344},"31":{"name":"(anonymous_31)","decl":{"start":{"line":352,"column":71},"end":{"line":352,"column":72}},"loc":{"start":{"line":352,"column":77},"end":{"line":358,"column":3}},"line":352},"32":{"name":"(anonymous_32)","decl":{"start":{"line":360,"column":46},"end":{"line":360,"column":47}},"loc":{"start":{"line":360,"column":52},"end":{"line":371,"column":3}},"line":360},"33":{"name":"(anonymous_33)","decl":{"start":{"line":373,"column":69},"end":{"line":373,"column":70}},"loc":{"start":{"line":373,"column":75},"end":{"line":379,"column":3}},"line":373},"34":{"name":"(anonymous_34)","decl":{"start":{"line":381,"column":71},"end":{"line":381,"column":72}},"loc":{"start":{"line":381,"column":77},"end":{"line":387,"column":5}},"line":381},"35":{"name":"(anonymous_35)","decl":{"start":{"line":389,"column":74},"end":{"line":389,"column":75}},"loc":{"start":{"line":389,"column":80},"end":{"line":395,"column":5}},"line":389},"36":{"name":"(anonymous_36)","decl":{"start":{"line":397,"column":76},"end":{"line":397,"column":77}},"loc":{"start":{"line":397,"column":82},"end":{"line":403,"column":5}},"line":397},"37":{"name":"(anonymous_37)","decl":{"start":{"line":405,"column":61},"end":{"line":405,"column":62}},"loc":{"start":{"line":405,"column":67},"end":{"line":411,"column":5}},"line":405},"38":{"name":"(anonymous_38)","decl":{"start":{"line":413,"column":59},"end":{"line":413,"column":60}},"loc":{"start":{"line":413,"column":65},"end":{"line":419,"column":5}},"line":413}},"branchMap":{},"s":{"0":1,"1":1,"2":1,"3":1,"4":1,"5":1,"6":1,"7":1,"8":1,"9":1,"10":1,"11":1,"12":1,"13":1,"14":1,"15":1,"16":1,"17":1,"18":1,"19":1,"20":1,"21":1,"22":1,"23":1,"24":1,"25":1,"26":1,"27":1,"28":1,"29":1,"30":1,"31":1,"32":1,"33":1,"34":1,"35":1,"36":1,"37":1,"38":1,"39":1,"40":1,"41":1,"42":1,"43":1,"44":1,"45":1,"46":1,"47":1,"48":1,"49":1,"50":1,"51":1,"52":1,"53":1,"54":1,"55":1,"56":1,"57":1,"58":1,"59":1,"60":1,"61":1,"62":1,"63":1,"64":1,"65":1,"66":1,"67":1,"68":1,"69":1,"70":1,"71":1,"72":1,"73":1,"74":1,"75":1,"76":1,"77":1,"78":1,"79":1,"80":1,"81":1,"82":1,"83":1,"84":1,"85":1,"86":1,"87":1,"88":1,"89":1,"90":1,"91":1,"92":1,"93":1,"94":1,"95":1,"96":1,"97":1,"98":1,"99":1,"100":1,"101":1,"102":1,"103":1,"104":1,"105":1,"106":1,"107":1,"108":1,"109":1,"110":1,"111":1,"112":1,"113":1,"114":1,"115":1,"116":1,"117":1,"118":1,"119":1,"120":5,"121":1,"122":1,"123":1,"124":1,"125":1,"126":1,"127":1,"128":1,"129":1,"130":1,"131":5,"132":1,"133":1,"134":1,"135":1,"136":1,"137":1,"138":1,"139":1,"140":5,"141":1,"142":1,"143":1,"144":1,"145":1,"146":1,"147":1,"148":1,"149":5,"150":1,"151":1,"152":1,"153":1,"154":1,"155":1,"156":1,"157":1,"158":1,"159":5,"160":1,"161":1,"162":1,"163":1,"164":1,"165":1,"166":1,"167":1,"168":5,"169":1,"170":1,"171":1,"172":1,"173":1,"174":1,"175":1,"176":1,"177":1,"178":1,"179":1,"180":1,"181":1,"182":1,"183":1,"184":1,"185":1,"186":1,"187":1,"188":1,"189":1,"190":5,"191":1,"192":1,"193":1,"194":1,"195":1,"196":1,"197":1,"198":1,"199":1,"200":1,"201":1,"202":1,"203":1,"204":1,"205":1,"206":1,"207":1,"208":1,"209":1,"210":1,"211":1,"212":1,"213":1,"214":1,"215":1,"216":1,"217":1,"218":1,"219":1,"220":1,"221":1,"222":1,"223":1,"224":1,"225":1,"226":1,"227":1,"228":1,"229":1,"230":1,"231":1,"232":1,"233":1,"234":1,"235":1,"236":1,"237":1,"238":1,"239":1,"240":1,"241":1,"242":1,"243":1,"244":1,"245":1,"246":1,"247":1,"248":1,"249":1,"250":1,"251":1,"252":1,"253":1,"254":1,"255":1,"256":1,"257":1,"258":1,"259":1,"260":1,"261":1,"262":1,"263":1,"264":1,"265":1,"266":1,"267":1},"f":{"0":1,"1":1,"2":1,"3":1,"4":1,"5":1,"6":1,"7":1,"8":1,"9":1,"10":1,"11":1,"12":1,"13":1,"14":1,"15":1,"16":1,"17":1,"18":1,"19":1,"20":1,"21":1,"22":1,"23":1,"24":1,"25":1,"26":1,"27":1,"28":1,"29":1,"30":1,"31":1,"32":1,"33":1,"34":1,"35":1,"36":1,"37":1,"38":1},"b":{},"_coverageSchema":"1a1c01bbd47fc00a2c39e90264f33305004495a9","hash":"a5363d024e91a6d73e19cfd0db8dc4194ffec59a"}
,"C:\\Users\\sarah\\OneDrive\\School\\College\\Comp Sci\\SoftwareEng\\Project\\Spreadsheet\\src\\spreadsheet\\model\\FormulaFunctions.ts": {"path":"C:\\Users\\sarah\\OneDrive\\School\\College\\Comp Sci\\SoftwareEng\\Project\\Spreadsheet\\src\\spreadsheet\\model\\FormulaFunctions.ts","statementMap":{"0":{"start":{"line":10,"column":2},"end":{"line":10,"column":54}},"1":{"start":{"line":11,"column":2},"end":{"line":11,"column":54}},"2":{"start":{"line":12,"column":2},"end":{"line":12,"column":57}},"3":{"start":{"line":13,"column":2},"end":{"line":13,"column":53}},"4":{"start":{"line":14,"column":2},"end":{"line":14,"column":49}},"5":{"start":{"line":15,"column":2},"end":{"line":18,"column":4}},"6":{"start":{"line":17,"column":17},"end":{"line":17,"column":64}},"7":{"start":{"line":20,"column":28},"end":{"line":20,"column":30}},"8":{"start":{"line":22,"column":2},"end":{"line":26,"column":3}},"9":{"start":{"line":23,"column":4},"end":{"line":25,"column":5}},"10":{"start":{"line":24,"column":6},"end":{"line":24,"column":24}},"11":{"start":{"line":29,"column":2},"end":{"line":32,"column":5}},"12":{"start":{"line":30,"column":26},"end":{"line":30,"column":42}},"13":{"start":{"line":31,"column":4},"end":{"line":31,"column":74}},"14":{"start":{"line":34,"column":22},"end":{"line":34,"column":43}},"15":{"start":{"line":37,"column":23},"end":{"line":37,"column":28}},"16":{"start":{"line":38,"column":2},"end":{"line":43,"column":3}},"17":{"start":{"line":39,"column":17},"end":{"line":39,"column":25}},"18":{"start":{"line":40,"column":25},"end":{"line":40,"column":84}},"19":{"start":{"line":40,"column":72},"end":{"line":40,"column":82}},"20":{"start":{"line":41,"column":4},"end":{"line":41,"column":65}},"21":{"start":{"line":42,"column":4},"end":{"line":42,"column":26}},"22":{"start":{"line":45,"column":2},"end":{"line":63,"column":3}},"23":{"start":{"line":47,"column":19},"end":{"line":47,"column":35}},"24":{"start":{"line":48,"column":4},"end":{"line":48,"column":44}},"25":{"start":{"line":51,"column":4},"end":{"line":59,"column":5}},"26":{"start":{"line":54,"column":6},"end":{"line":54,"column":42}},"27":{"start":{"line":58,"column":4},"end":{"line":58,"column":39}},"28":{"start":{"line":67,"column":14},"end":{"line":67,"column":56}},"29":{"start":{"line":67,"column":43},"end":{"line":67,"column":52}},"30":{"start":{"line":68,"column":2},"end":{"line":68,"column":30}},"31":{"start":{"line":72,"column":2},"end":{"line":72,"column":22}},"32":{"start":{"line":76,"column":2},"end":{"line":76,"column":52}},"33":{"start":{"line":76,"column":38},"end":{"line":76,"column":47}},"34":{"start":{"line":80,"column":2},"end":{"line":80,"column":60}},"35":{"start":{"line":80,"column":36},"end":{"line":80,"column":49}}},"fnMap":{"0":{"name":"EvaluateExpression","decl":{"start":{"line":4,"column":16},"end":{"line":4,"column":34}},"loc":{"start":{"line":8,"column":31},"end":{"line":64,"column":1}},"line":8},"1":{"name":"(anonymous_1)","decl":{"start":{"line":17,"column":4},"end":{"line":17,"column":5}},"loc":{"start":{"line":17,"column":17},"end":{"line":17,"column":64}},"line":17},"2":{"name":"(anonymous_2)","decl":{"start":{"line":29,"column":50},"end":{"line":29,"column":51}},"loc":{"start":{"line":29,"column":61},"end":{"line":32,"column":3}},"line":29},"3":{"name":"(anonymous_3)","decl":{"start":{"line":40,"column":55},"end":{"line":40,"column":56}},"loc":{"start":{"line":40,"column":72},"end":{"line":40,"column":82}},"line":40},"4":{"name":"average","decl":{"start":{"line":66,"column":9},"end":{"line":66,"column":16}},"loc":{"start":{"line":66,"column":47},"end":{"line":69,"column":1}},"line":66},"5":{"name":"(anonymous_5)","decl":{"start":{"line":67,"column":29},"end":{"line":67,"column":30}},"loc":{"start":{"line":67,"column":43},"end":{"line":67,"column":52}},"line":67},"6":{"name":"count","decl":{"start":{"line":71,"column":9},"end":{"line":71,"column":14}},"loc":{"start":{"line":71,"column":40},"end":{"line":73,"column":1}},"line":71},"7":{"name":"sum","decl":{"start":{"line":75,"column":9},"end":{"line":75,"column":12}},"loc":{"start":{"line":75,"column":43},"end":{"line":77,"column":1}},"line":75},"8":{"name":"(anonymous_8)","decl":{"start":{"line":76,"column":24},"end":{"line":76,"column":25}},"loc":{"start":{"line":76,"column":38},"end":{"line":76,"column":47}},"line":76},"9":{"name":"concat","decl":{"start":{"line":79,"column":9},"end":{"line":79,"column":15}},"loc":{"start":{"line":79,"column":42},"end":{"line":81,"column":1}},"line":79},"10":{"name":"(anonymous_10)","decl":{"start":{"line":80,"column":27},"end":{"line":80,"column":28}},"loc":{"start":{"line":80,"column":36},"end":{"line":80,"column":49}},"line":80}},"branchMap":{"0":{"loc":{"start":{"line":23,"column":4},"end":{"line":25,"column":5}},"type":"if","locations":[{"start":{"line":23,"column":4},"end":{"line":25,"column":5}},{"start":{},"end":{}}],"line":23},"1":{"loc":{"start":{"line":23,"column":8},"end":{"line":23,"column":60}},"type":"binary-expr","locations":[{"start":{"line":23,"column":8},"end":{"line":23,"column":33}},{"start":{"line":23,"column":37},"end":{"line":23,"column":60}}],"line":23},"2":{"loc":{"start":{"line":31,"column":11},"end":{"line":31,"column":73}},"type":"cond-expr","locations":[{"start":{"line":31,"column":41},"end":{"line":31,"column":65}},{"start":{"line":31,"column":68},"end":{"line":31,"column":73}}],"line":31},"3":{"loc":{"start":{"line":51,"column":4},"end":{"line":59,"column":5}},"type":"if","locations":[{"start":{"line":51,"column":4},"end":{"line":59,"column":5}},{"start":{"line":55,"column":11},"end":{"line":59,"column":5}}],"line":51}},"s":{"0":23,"1":23,"2":23,"3":23,"4":23,"5":23,"6":1,"7":23,"8":23,"9":554,"10":0,"11":23,"12":49,"13":49,"14":23,"15":23,"16":23,"17":1,"18":1,"19":2,"20":1,"21":1,"22":23,"23":23,"24":15,"25":8,"26":1,"27":7,"28":2,"29":10,"30":2,"31":2,"32":5,"33":17,"34":1,"35":2},"f":{"0":23,"1":1,"2":49,"3":2,"4":2,"5":10,"6":2,"7":5,"8":17,"9":1,"10":2},"b":{"0":[0,554],"1":[554,554],"2":[22,27],"3":[1,7]},"_coverageSchema":"1a1c01bbd47fc00a2c39e90264f33305004495a9","hash":"e9478da6cc0933a53cd33ed41009d79fdb2becbb"}
,"C:\\Users\\sarah\\OneDrive\\School\\College\\Comp Sci\\SoftwareEng\\Project\\Spreadsheet\\src\\spreadsheet\\model\\SpreadSheet.ts": {"path":"C:\\Users\\sarah\\OneDrive\\School\\College\\Comp Sci\\SoftwareEng\\Project\\Spreadsheet\\src\\spreadsheet\\model\\SpreadSheet.ts","statementMap":{"0":{"start":{"line":10,"column":20},"end":{"line":10,"column":22}},"1":{"start":{"line":17,"column":4},"end":{"line":17,"column":21}},"2":{"start":{"line":18,"column":4},"end":{"line":18,"column":17}},"3":{"start":{"line":19,"column":4},"end":{"line":19,"column":23}},"4":{"start":{"line":20,"column":4},"end":{"line":20,"column":20}},"5":{"start":{"line":21,"column":4},"end":{"line":21,"column":20}},"6":{"start":{"line":23,"column":4},"end":{"line":33,"column":5}},"7":{"start":{"line":24,"column":6},"end":{"line":24,"column":25}},"8":{"start":{"line":26,"column":6},"end":{"line":26,"column":22}},"9":{"start":{"line":27,"column":6},"end":{"line":32,"column":7}},"10":{"start":{"line":27,"column":19},"end":{"line":27,"column":20}},"11":{"start":{"line":28,"column":8},"end":{"line":28,"column":27}},"12":{"start":{"line":29,"column":8},"end":{"line":31,"column":9}},"13":{"start":{"line":29,"column":21},"end":{"line":29,"column":22}},"14":{"start":{"line":30,"column":10},"end":{"line":30,"column":45}},"15":{"start":{"line":37,"column":4},"end":{"line":37,"column":23}},"16":{"start":{"line":42,"column":4},"end":{"line":42,"column":32}},"17":{"start":{"line":47,"column":33},"end":{"line":47,"column":35}},"18":{"start":{"line":48,"column":25},"end":{"line":48,"column":43}},"19":{"start":{"line":50,"column":4},"end":{"line":50,"column":28}},"20":{"start":{"line":51,"column":4},"end":{"line":51,"column":58}},"21":{"start":{"line":54,"column":4},"end":{"line":59,"column":5}},"22":{"start":{"line":55,"column":23},"end":{"line":55,"column":53}},"23":{"start":{"line":56,"column":6},"end":{"line":58,"column":7}},"24":{"start":{"line":57,"column":8},"end":{"line":57,"column":61}},"25":{"start":{"line":61,"column":4},"end":{"line":61,"column":47}},"26":{"start":{"line":65,"column":32},"end":{"line":68,"column":5}},"27":{"start":{"line":69,"column":4},"end":{"line":69,"column":30}},"28":{"start":{"line":70,"column":4},"end":{"line":71,"column":28}},"29":{"start":{"line":70,"column":13},"end":{"line":70,"column":30}},"30":{"start":{"line":71,"column":9},"end":{"line":71,"column":28}},"31":{"start":{"line":73,"column":21},"end":{"line":73,"column":56}},"32":{"start":{"line":74,"column":4},"end":{"line":80,"column":5}},"33":{"start":{"line":75,"column":24},"end":{"line":78,"column":7}},"34":{"start":{"line":79,"column":6},"end":{"line":79,"column":35}},"35":{"start":{"line":82,"column":4},"end":{"line":82,"column":20}},"36":{"start":{"line":88,"column":32},"end":{"line":88,"column":104}},"37":{"start":{"line":89,"column":4},"end":{"line":89,"column":53}},"38":{"start":{"line":90,"column":4},"end":{"line":91,"column":44}},"39":{"start":{"line":90,"column":13},"end":{"line":90,"column":46}},"40":{"start":{"line":91,"column":9},"end":{"line":91,"column":44}},"41":{"start":{"line":92,"column":4},"end":{"line":92,"column":32}},"42":{"start":{"line":96,"column":4},"end":{"line":99,"column":5}},"43":{"start":{"line":97,"column":6},"end":{"line":97,"column":49}},"44":{"start":{"line":98,"column":6},"end":{"line":98,"column":73}},"45":{"start":{"line":100,"column":4},"end":{"line":100,"column":35}},"46":{"start":{"line":105,"column":16},"end":{"line":105,"column":67}},"47":{"start":{"line":105,"column":44},"end":{"line":105,"column":62}},"48":{"start":{"line":106,"column":16},"end":{"line":106,"column":49}},"49":{"start":{"line":107,"column":21},"end":{"line":107,"column":65}},"50":{"start":{"line":108,"column":4},"end":{"line":108,"column":26}},"51":{"start":{"line":113,"column":4},"end":{"line":113,"column":24}},"52":{"start":{"line":118,"column":4},"end":{"line":121,"column":5}},"53":{"start":{"line":119,"column":6},"end":{"line":119,"column":38}},"54":{"start":{"line":120,"column":6},"end":{"line":120,"column":19}},"55":{"start":{"line":126,"column":4},"end":{"line":131,"column":5}},"56":{"start":{"line":127,"column":6},"end":{"line":130,"column":7}},"57":{"start":{"line":127,"column":21},"end":{"line":127,"column":22}},"58":{"start":{"line":128,"column":8},"end":{"line":128,"column":45}},"59":{"start":{"line":129,"column":8},"end":{"line":129,"column":21}},"60":{"start":{"line":136,"column":4},"end":{"line":143,"column":5}},"61":{"start":{"line":137,"column":21},"end":{"line":137,"column":52}},"62":{"start":{"line":138,"column":6},"end":{"line":140,"column":7}},"63":{"start":{"line":138,"column":19},"end":{"line":138,"column":20}},"64":{"start":{"line":139,"column":8},"end":{"line":139,"column":33}},"65":{"start":{"line":141,"column":6},"end":{"line":141,"column":46}},"66":{"start":{"line":142,"column":6},"end":{"line":142,"column":19}},"67":{"start":{"line":148,"column":4},"end":{"line":154,"column":5}},"68":{"start":{"line":149,"column":6},"end":{"line":153,"column":7}},"69":{"start":{"line":149,"column":21},"end":{"line":149,"column":22}},"70":{"start":{"line":150,"column":24},"end":{"line":150,"column":36}},"71":{"start":{"line":151,"column":8},"end":{"line":151,"column":54}},"72":{"start":{"line":152,"column":8},"end":{"line":152,"column":21}},"73":{"start":{"line":158,"column":4},"end":{"line":158,"column":29}},"74":{"start":{"line":162,"column":4},"end":{"line":164,"column":5}},"75":{"start":{"line":163,"column":6},"end":{"line":163,"column":15}},"76":{"start":{"line":165,"column":4},"end":{"line":165,"column":32}},"77":{"start":{"line":172,"column":52},"end":{"line":172,"column":54}},"78":{"start":{"line":173,"column":4},"end":{"line":178,"column":5}},"79":{"start":{"line":173,"column":17},"end":{"line":173,"column":18}},"80":{"start":{"line":174,"column":18},"end":{"line":174,"column":31}},"81":{"start":{"line":175,"column":6},"end":{"line":177,"column":7}},"82":{"start":{"line":175,"column":19},"end":{"line":175,"column":20}},"83":{"start":{"line":176,"column":8},"end":{"line":176,"column":73}},"84":{"start":{"line":179,"column":4},"end":{"line":179,"column":18}},"85":{"start":{"line":184,"column":26},"end":{"line":184,"column":28}},"86":{"start":{"line":186,"column":4},"end":{"line":191,"column":5}},"87":{"start":{"line":187,"column":19},"end":{"line":187,"column":43}},"88":{"start":{"line":188,"column":6},"end":{"line":190,"column":7}},"89":{"start":{"line":189,"column":8},"end":{"line":189,"column":25}},"90":{"start":{"line":193,"column":4},"end":{"line":193,"column":17}},"91":{"start":{"line":198,"column":28},"end":{"line":198,"column":53}},"92":{"start":{"line":199,"column":4},"end":{"line":201,"column":5}},"93":{"start":{"line":200,"column":6},"end":{"line":200,"column":23}},"94":{"start":{"line":204,"column":20},"end":{"line":204,"column":37}},"95":{"start":{"line":205,"column":20},"end":{"line":205,"column":37}},"96":{"start":{"line":206,"column":4},"end":{"line":208,"column":5}},"97":{"start":{"line":207,"column":6},"end":{"line":207,"column":23}},"98":{"start":{"line":211,"column":4},"end":{"line":211,"column":45}},"99":{"start":{"line":216,"column":18},"end":{"line":216,"column":33}},"100":{"start":{"line":217,"column":18},"end":{"line":217,"column":44}},"101":{"start":{"line":219,"column":4},"end":{"line":221,"column":5}},"102":{"start":{"line":220,"column":6},"end":{"line":220,"column":55}},"103":{"start":{"line":223,"column":25},"end":{"line":223,"column":33}},"104":{"start":{"line":224,"column":22},"end":{"line":224,"column":30}},"105":{"start":{"line":227,"column":17},"end":{"line":227,"column":18}},"106":{"start":{"line":228,"column":4},"end":{"line":231,"column":5}},"107":{"start":{"line":228,"column":17},"end":{"line":228,"column":18}},"108":{"start":{"line":229,"column":23},"end":{"line":229,"column":73}},"109":{"start":{"line":230,"column":6},"end":{"line":230,"column":38}},"110":{"start":{"line":233,"column":16},"end":{"line":233,"column":39}},"111":{"start":{"line":235,"column":4},"end":{"line":235,"column":48}},"112":{"start":{"line":241,"column":37},"end":{"line":241,"column":39}},"113":{"start":{"line":243,"column":4},"end":{"line":251,"column":5}},"114":{"start":{"line":243,"column":17},"end":{"line":243,"column":18}},"115":{"start":{"line":244,"column":18},"end":{"line":244,"column":31}},"116":{"start":{"line":245,"column":6},"end":{"line":250,"column":7}},"117":{"start":{"line":245,"column":19},"end":{"line":245,"column":20}},"118":{"start":{"line":246,"column":28},"end":{"line":246,"column":34}},"119":{"start":{"line":247,"column":8},"end":{"line":249,"column":9}},"120":{"start":{"line":248,"column":10},"end":{"line":248,"column":45}},"121":{"start":{"line":253,"column":4},"end":{"line":253,"column":28}},"122":{"start":{"line":257,"column":46},"end":{"line":257,"column":48}},"123":{"start":{"line":259,"column":4},"end":{"line":263,"column":5}},"124":{"start":{"line":260,"column":18},"end":{"line":260,"column":67}},"125":{"start":{"line":260,"column":48},"end":{"line":260,"column":66}},"126":{"start":{"line":261,"column":18},"end":{"line":261,"column":47}},"127":{"start":{"line":262,"column":6},"end":{"line":262,"column":37}},"128":{"start":{"line":265,"column":4},"end":{"line":265,"column":25}}},"fnMap":{"0":{"name":"(anonymous_0)","decl":{"start":{"line":15,"column":2},"end":{"line":15,"column":3}},"loc":{"start":{"line":15,"column":103},"end":{"line":34,"column":3}},"line":15},"1":{"name":"(anonymous_1)","decl":{"start":{"line":36,"column":2},"end":{"line":36,"column":3}},"loc":{"start":{"line":36,"column":28},"end":{"line":38,"column":3}},"line":36},"2":{"name":"(anonymous_2)","decl":{"start":{"line":41,"column":2},"end":{"line":41,"column":3}},"loc":{"start":{"line":41,"column":42},"end":{"line":43,"column":3}},"line":41},"3":{"name":"(anonymous_3)","decl":{"start":{"line":46,"column":2},"end":{"line":46,"column":3}},"loc":{"start":{"line":46,"column":64},"end":{"line":62,"column":3}},"line":46},"4":{"name":"(anonymous_4)","decl":{"start":{"line":64,"column":2},"end":{"line":64,"column":3}},"loc":{"start":{"line":64,"column":51},"end":{"line":83,"column":3}},"line":64},"5":{"name":"(anonymous_5)","decl":{"start":{"line":87,"column":2},"end":{"line":87,"column":3}},"loc":{"start":{"line":87,"column":62},"end":{"line":93,"column":3}},"line":87},"6":{"name":"(anonymous_6)","decl":{"start":{"line":95,"column":2},"end":{"line":95,"column":3}},"loc":{"start":{"line":95,"column":77},"end":{"line":101,"column":3}},"line":95},"7":{"name":"(anonymous_7)","decl":{"start":{"line":104,"column":2},"end":{"line":104,"column":3}},"loc":{"start":{"line":104,"column":37},"end":{"line":109,"column":3}},"line":104},"8":{"name":"(anonymous_8)","decl":{"start":{"line":105,"column":37},"end":{"line":105,"column":38}},"loc":{"start":{"line":105,"column":44},"end":{"line":105,"column":62}},"line":105},"9":{"name":"(anonymous_9)","decl":{"start":{"line":112,"column":2},"end":{"line":112,"column":3}},"loc":{"start":{"line":112,"column":32},"end":{"line":114,"column":3}},"line":112},"10":{"name":"(anonymous_10)","decl":{"start":{"line":117,"column":2},"end":{"line":117,"column":3}},"loc":{"start":{"line":117,"column":37},"end":{"line":122,"column":3}},"line":117},"11":{"name":"(anonymous_11)","decl":{"start":{"line":125,"column":2},"end":{"line":125,"column":3}},"loc":{"start":{"line":125,"column":37},"end":{"line":132,"column":3}},"line":125},"12":{"name":"(anonymous_12)","decl":{"start":{"line":135,"column":2},"end":{"line":135,"column":3}},"loc":{"start":{"line":135,"column":37},"end":{"line":144,"column":3}},"line":135},"13":{"name":"(anonymous_13)","decl":{"start":{"line":147,"column":2},"end":{"line":147,"column":3}},"loc":{"start":{"line":147,"column":37},"end":{"line":155,"column":3}},"line":147},"14":{"name":"(anonymous_14)","decl":{"start":{"line":157,"column":2},"end":{"line":157,"column":3}},"loc":{"start":{"line":157,"column":23},"end":{"line":159,"column":3}},"line":157},"15":{"name":"(anonymous_15)","decl":{"start":{"line":161,"column":2},"end":{"line":161,"column":3}},"loc":{"start":{"line":161,"column":23},"end":{"line":166,"column":3}},"line":161},"16":{"name":"(anonymous_16)","decl":{"start":{"line":168,"column":2},"end":{"line":168,"column":3}},"loc":{"start":{"line":168,"column":15},"end":{"line":168,"column":17}},"line":168},"17":{"name":"(anonymous_17)","decl":{"start":{"line":171,"column":2},"end":{"line":171,"column":3}},"loc":{"start":{"line":171,"column":52},"end":{"line":181,"column":3}},"line":171},"18":{"name":"(anonymous_18)","decl":{"start":{"line":183,"column":2},"end":{"line":183,"column":3}},"loc":{"start":{"line":183,"column":59},"end":{"line":194,"column":3}},"line":183},"19":{"name":"(anonymous_19)","decl":{"start":{"line":196,"column":2},"end":{"line":196,"column":3}},"loc":{"start":{"line":196,"column":56},"end":{"line":213,"column":3}},"line":196},"20":{"name":"(anonymous_20)","decl":{"start":{"line":215,"column":2},"end":{"line":215,"column":3}},"loc":{"start":{"line":215,"column":82},"end":{"line":236,"column":3}},"line":215},"21":{"name":"(anonymous_21)","decl":{"start":{"line":240,"column":2},"end":{"line":240,"column":3}},"loc":{"start":{"line":240,"column":50},"end":{"line":254,"column":3}},"line":240},"22":{"name":"(anonymous_22)","decl":{"start":{"line":256,"column":2},"end":{"line":256,"column":3}},"loc":{"start":{"line":256,"column":62},"end":{"line":266,"column":3}},"line":256},"23":{"name":"(anonymous_23)","decl":{"start":{"line":260,"column":39},"end":{"line":260,"column":40}},"loc":{"start":{"line":260,"column":48},"end":{"line":260,"column":66}},"line":260}},"branchMap":{"0":{"loc":{"start":{"line":23,"column":4},"end":{"line":33,"column":5}},"type":"if","locations":[{"start":{"line":23,"column":4},"end":{"line":33,"column":5}},{"start":{"line":25,"column":11},"end":{"line":33,"column":5}}],"line":23},"1":{"loc":{"start":{"line":54,"column":4},"end":{"line":59,"column":5}},"type":"if","locations":[{"start":{"line":54,"column":4},"end":{"line":59,"column":5}},{"start":{},"end":{}}],"line":54},"2":{"loc":{"start":{"line":70,"column":4},"end":{"line":71,"column":28}},"type":"if","locations":[{"start":{"line":70,"column":4},"end":{"line":71,"column":28}},{"start":{"line":71,"column":9},"end":{"line":71,"column":28}}],"line":70},"3":{"loc":{"start":{"line":90,"column":4},"end":{"line":91,"column":44}},"type":"if","locations":[{"start":{"line":90,"column":4},"end":{"line":91,"column":44}},{"start":{"line":91,"column":9},"end":{"line":91,"column":44}}],"line":90},"4":{"loc":{"start":{"line":96,"column":4},"end":{"line":99,"column":5}},"type":"if","locations":[{"start":{"line":96,"column":4},"end":{"line":99,"column":5}},{"start":{},"end":{}}],"line":96},"5":{"loc":{"start":{"line":118,"column":4},"end":{"line":121,"column":5}},"type":"if","locations":[{"start":{"line":118,"column":4},"end":{"line":121,"column":5}},{"start":{},"end":{}}],"line":118},"6":{"loc":{"start":{"line":118,"column":8},"end":{"line":118,"column":55}},"type":"binary-expr","locations":[{"start":{"line":118,"column":8},"end":{"line":118,"column":22}},{"start":{"line":118,"column":26},"end":{"line":118,"column":55}}],"line":118},"7":{"loc":{"start":{"line":126,"column":4},"end":{"line":131,"column":5}},"type":"if","locations":[{"start":{"line":126,"column":4},"end":{"line":131,"column":5}},{"start":{},"end":{}}],"line":126},"8":{"loc":{"start":{"line":126,"column":8},"end":{"line":126,"column":58}},"type":"binary-expr","locations":[{"start":{"line":126,"column":8},"end":{"line":126,"column":22}},{"start":{"line":126,"column":26},"end":{"line":126,"column":58}}],"line":126},"9":{"loc":{"start":{"line":136,"column":4},"end":{"line":143,"column":5}},"type":"if","locations":[{"start":{"line":136,"column":4},"end":{"line":143,"column":5}},{"start":{},"end":{}}],"line":136},"10":{"loc":{"start":{"line":136,"column":8},"end":{"line":136,"column":56}},"type":"binary-expr","locations":[{"start":{"line":136,"column":8},"end":{"line":136,"column":22}},{"start":{"line":136,"column":26},"end":{"line":136,"column":56}}],"line":136},"11":{"loc":{"start":{"line":148,"column":4},"end":{"line":154,"column":5}},"type":"if","locations":[{"start":{"line":148,"column":4},"end":{"line":154,"column":5}},{"start":{},"end":{}}],"line":148},"12":{"loc":{"start":{"line":148,"column":8},"end":{"line":148,"column":59}},"type":"binary-expr","locations":[{"start":{"line":148,"column":8},"end":{"line":148,"column":22}},{"start":{"line":148,"column":26},"end":{"line":148,"column":59}}],"line":148},"13":{"loc":{"start":{"line":162,"column":4},"end":{"line":164,"column":5}},"type":"if","locations":[{"start":{"line":162,"column":4},"end":{"line":164,"column":5}},{"start":{},"end":{}}],"line":162},"14":{"loc":{"start":{"line":188,"column":6},"end":{"line":190,"column":7}},"type":"if","locations":[{"start":{"line":188,"column":6},"end":{"line":190,"column":7}},{"start":{},"end":{}}],"line":188},"15":{"loc":{"start":{"line":199,"column":4},"end":{"line":201,"column":5}},"type":"if","locations":[{"start":{"line":199,"column":4},"end":{"line":201,"column":5}},{"start":{},"end":{}}],"line":199},"16":{"loc":{"start":{"line":199,"column":8},"end":{"line":199,"column":29}},"type":"binary-expr","locations":[{"start":{"line":199,"column":8},"end":{"line":199,"column":15}},{"start":{"line":199,"column":19},"end":{"line":199,"column":29}}],"line":199},"17":{"loc":{"start":{"line":206,"column":4},"end":{"line":208,"column":5}},"type":"if","locations":[{"start":{"line":206,"column":4},"end":{"line":208,"column":5}},{"start":{},"end":{}}],"line":206},"18":{"loc":{"start":{"line":206,"column":8},"end":{"line":206,"column":41}},"type":"binary-expr","locations":[{"start":{"line":206,"column":8},"end":{"line":206,"column":21}},{"start":{"line":206,"column":25},"end":{"line":206,"column":41}}],"line":206},"19":{"loc":{"start":{"line":219,"column":4},"end":{"line":221,"column":5}},"type":"if","locations":[{"start":{"line":219,"column":4},"end":{"line":221,"column":5}},{"start":{},"end":{}}],"line":219},"20":{"loc":{"start":{"line":247,"column":8},"end":{"line":249,"column":9}},"type":"if","locations":[{"start":{"line":247,"column":8},"end":{"line":249,"column":9}},{"start":{},"end":{}}],"line":247}},"s":{"0":36,"1":36,"2":36,"3":36,"4":36,"5":36,"6":36,"7":0,"8":36,"9":36,"10":36,"11":177,"12":177,"13":177,"14":879,"15":0,"16":101,"17":6,"18":6,"19":6,"20":6,"21":6,"22":5,"23":5,"24":1,"25":6,"26":7,"27":7,"28":7,"29":0,"30":7,"31":7,"32":7,"33":0,"34":0,"35":7,"36":50,"37":50,"38":50,"39":7,"40":43,"41":50,"42":57,"43":23,"44":23,"45":34,"46":736,"47":2180,"48":736,"49":736,"50":736,"51":0,"52":4,"53":3,"54":3,"55":1,"56":0,"57":0,"58":0,"59":0,"60":4,"61":3,"62":3,"63":3,"64":15,"65":3,"66":3,"67":4,"68":3,"69":3,"70":15,"71":15,"72":15,"73":32,"74":34,"75":0,"76":34,"77":23,"78":23,"79":23,"80":112,"81":112,"82":112,"83":554,"84":23,"85":7,"86":7,"87":0,"88":0,"89":0,"90":7,"91":0,"92":0,"93":0,"94":0,"95":0,"96":0,"97":0,"98":0,"99":0,"100":0,"101":0,"102":0,"103":0,"104":0,"105":0,"106":0,"107":0,"108":0,"109":0,"110":0,"111":0,"112":5,"113":5,"114":5,"115":25,"116":25,"117":25,"118":125,"119":125,"120":1,"121":5,"122":6,"123":6,"124":0,"125":0,"126":0,"127":0,"128":6},"f":{"0":36,"1":0,"2":101,"3":6,"4":7,"5":50,"6":57,"7":736,"8":2180,"9":0,"10":4,"11":1,"12":4,"13":4,"14":32,"15":34,"16":0,"17":23,"18":7,"19":0,"20":0,"21":5,"22":6,"23":0},"b":{"0":[0,36],"1":[5,1],"2":[0,7],"3":[7,43],"4":[23,34],"5":[3,1],"6":[4,4],"7":[0,1],"8":[1,1],"9":[3,1],"10":[4,4],"11":[3,1],"12":[4,4],"13":[0,34],"14":[0,0],"15":[0,0],"16":[0,0],"17":[0,0],"18":[0,0],"19":[0,0],"20":[1,124]},"_coverageSchema":"1a1c01bbd47fc00a2c39e90264f33305004495a9","hash":"6cd2988ac8463b0da69f7d253e387350c1c691b7"}
,"C:\\Users\\sarah\\OneDrive\\School\\College\\Comp Sci\\SoftwareEng\\Project\\Spreadsheet\\src\\spreadsheet\\model\\SpreadSheetWrapper.ts": {"path":"C:\\Users\\sarah\\OneDrive\\School\\College\\Comp Sci\\SoftwareEng\\Project\\Spreadsheet\\src\\spreadsheet\\model\\SpreadSheetWrapper.ts","statementMap":{"0":{"start":{"line":7,"column":24},"end":{"line":7,"column":29}},"1":{"start":{"line":8,"column":22},"end":{"line":8,"column":27}},"2":{"start":{"line":19,"column":4},"end":{"line":19,"column":46}},"3":{"start":{"line":23,"column":4},"end":{"line":23,"column":28}},"4":{"start":{"line":27,"column":4},"end":{"line":27,"column":26}}},"fnMap":{"0":{"name":"(anonymous_0)","decl":{"start":{"line":10,"column":2},"end":{"line":10,"column":3}},"loc":{"start":{"line":18,"column":4},"end":{"line":20,"column":3}},"line":18},"1":{"name":"(anonymous_1)","decl":{"start":{"line":22,"column":2},"end":{"line":22,"column":3}},"loc":{"start":{"line":22,"column":36},"end":{"line":24,"column":3}},"line":22},"2":{"name":"(anonymous_2)","decl":{"start":{"line":26,"column":2},"end":{"line":26,"column":3}},"loc":{"start":{"line":26,"column":34},"end":{"line":28,"column":3}},"line":26}},"branchMap":{},"s":{"0":0,"1":0,"2":0,"3":0,"4":0},"f":{"0":0,"1":0,"2":0},"b":{}}
,"C:\\Users\\sarah\\OneDrive\\School\\College\\Comp Sci\\SoftwareEng\\Project\\Spreadsheet\\src\\spreadsheet\\model\\User.ts": {"path":"C:\\Users\\sarah\\OneDrive\\School\\College\\Comp Sci\\SoftwareEng\\Project\\Spreadsheet\\src\\spreadsheet\\model\\User.ts","statementMap":{"0":{"start":{"line":9,"column":8},"end":{"line":9,"column":23}},"1":{"start":{"line":10,"column":8},"end":{"line":10,"column":27}},"2":{"start":{"line":11,"column":8},"end":{"line":11,"column":28}},"3":{"start":{"line":12,"column":8},"end":{"line":12,"column":20}},"4":{"start":{"line":17,"column":8},"end":{"line":17,"column":40}},"5":{"start":{"line":22,"column":8},"end":{"line":26,"column":9}},"6":{"start":{"line":22,"column":42},"end":{"line":22,"column":69}},"7":{"start":{"line":23,"column":12},"end":{"line":23,"column":91}},"8":{"start":{"line":23,"column":62},"end":{"line":23,"column":89}},"9":{"start":{"line":25,"column":12},"end":{"line":25,"column":88}},"10":{"start":{"line":30,"column":8},"end":{"line":30,"column":39}},"11":{"start":{"line":34,"column":8},"end":{"line":38,"column":9}},"12":{"start":{"line":34,"column":41},"end":{"line":34,"column":68}},"13":{"start":{"line":35,"column":12},"end":{"line":35,"column":89}},"14":{"start":{"line":35,"column":60},"end":{"line":35,"column":87}},"15":{"start":{"line":37,"column":12},"end":{"line":37,"column":88}},"16":{"start":{"line":42,"column":38},"end":{"line":42,"column":40}},"17":{"start":{"line":44,"column":8},"end":{"line":46,"column":11}},"18":{"start":{"line":45,"column":12},"end":{"line":45,"column":72}},"19":{"start":{"line":48,"column":8},"end":{"line":50,"column":11}},"20":{"start":{"line":49,"column":12},"end":{"line":49,"column":71}},"21":{"start":{"line":52,"column":8},"end":{"line":52,"column":82}}},"fnMap":{"0":{"name":"(anonymous_0)","decl":{"start":{"line":8,"column":4},"end":{"line":8,"column":5}},"loc":{"start":{"line":8,"column":18},"end":{"line":13,"column":5}},"line":8},"1":{"name":"(anonymous_1)","decl":{"start":{"line":16,"column":4},"end":{"line":16,"column":5}},"loc":{"start":{"line":16,"column":49},"end":{"line":18,"column":5}},"line":16},"2":{"name":"(anonymous_2)","decl":{"start":{"line":20,"column":4},"end":{"line":20,"column":5}},"loc":{"start":{"line":20,"column":52},"end":{"line":27,"column":5}},"line":20},"3":{"name":"(anonymous_3)","decl":{"start":{"line":22,"column":31},"end":{"line":22,"column":32}},"loc":{"start":{"line":22,"column":42},"end":{"line":22,"column":69}},"line":22},"4":{"name":"(anonymous_4)","decl":{"start":{"line":23,"column":51},"end":{"line":23,"column":52}},"loc":{"start":{"line":23,"column":62},"end":{"line":23,"column":89}},"line":23},"5":{"name":"(anonymous_5)","decl":{"start":{"line":29,"column":4},"end":{"line":29,"column":5}},"loc":{"start":{"line":29,"column":48},"end":{"line":31,"column":5}},"line":29},"6":{"name":"(anonymous_6)","decl":{"start":{"line":33,"column":4},"end":{"line":33,"column":5}},"loc":{"start":{"line":33,"column":51},"end":{"line":39,"column":5}},"line":33},"7":{"name":"(anonymous_7)","decl":{"start":{"line":34,"column":30},"end":{"line":34,"column":31}},"loc":{"start":{"line":34,"column":41},"end":{"line":34,"column":68}},"line":34},"8":{"name":"(anonymous_8)","decl":{"start":{"line":35,"column":49},"end":{"line":35,"column":50}},"loc":{"start":{"line":35,"column":60},"end":{"line":35,"column":87}},"line":35},"9":{"name":"(anonymous_9)","decl":{"start":{"line":41,"column":4},"end":{"line":41,"column":5}},"loc":{"start":{"line":41,"column":31},"end":{"line":53,"column":5}},"line":41},"10":{"name":"(anonymous_10)","decl":{"start":{"line":44,"column":31},"end":{"line":44,"column":32}},"loc":{"start":{"line":44,"column":42},"end":{"line":46,"column":9}},"line":44},"11":{"name":"(anonymous_11)","decl":{"start":{"line":48,"column":30},"end":{"line":48,"column":31}},"loc":{"start":{"line":48,"column":41},"end":{"line":50,"column":9}},"line":48}},"branchMap":{"0":{"loc":{"start":{"line":22,"column":8},"end":{"line":26,"column":9}},"type":"if","locations":[{"start":{"line":22,"column":8},"end":{"line":26,"column":9}},{"start":{"line":24,"column":15},"end":{"line":26,"column":9}}],"line":22},"1":{"loc":{"start":{"line":34,"column":8},"end":{"line":38,"column":9}},"type":"if","locations":[{"start":{"line":34,"column":8},"end":{"line":38,"column":9}},{"start":{"line":36,"column":15},"end":{"line":38,"column":9}}],"line":34},"2":{"loc":{"start":{"line":52,"column":15},"end":{"line":52,"column":81}},"type":"cond-expr","locations":[{"start":{"line":52,"column":40},"end":{"line":52,"column":62}},{"start":{"line":52,"column":65},"end":{"line":52,"column":81}}],"line":52}},"s":{"0":0,"1":0,"2":0,"3":0,"4":0,"5":0,"6":0,"7":0,"8":0,"9":0,"10":0,"11":0,"12":0,"13":0,"14":0,"15":0,"16":0,"17":0,"18":0,"19":0,"20":0,"21":0},"f":{"0":0,"1":0,"2":0,"3":0,"4":0,"5":0,"6":0,"7":0,"8":0,"9":0,"10":0,"11":0},"b":{"0":[0,0],"1":[0,0],"2":[0,0]}}
,"C:\\Users\\sarah\\OneDrive\\School\\College\\Comp Sci\\SoftwareEng\\Project\\Spreadsheet\\src\\spreadsheet\\model\\cell.spec.ts": {"path":"C:\\Users\\sarah\\OneDrive\\School\\College\\Comp Sci\\SoftwareEng\\Project\\Spreadsheet\\src\\spreadsheet\\model\\cell.spec.ts","statementMap":{"0":{"start":{"line":43,"column":4},"end":{"line":89,"column":9}}},"fnMap":{"0":{"name":"(anonymous_0)","decl":{"start":{"line":43,"column":33},"end":{"line":43,"column":34}},"loc":{"start":{"line":43,"column":39},"end":{"line":89,"column":7}},"line":43}},"branchMap":{},"s":{"0":0},"f":{"0":0},"b":{}}
}
