TN:
SF:webpack.config.ts
FNF:0
FNH:0
DA:3,0
LF:1
LH:0
BRF:0
BRH:0
end_of_record
TN:
SF:src\react-app-env.d.ts
FNF:0
FNH:0
LF:0
LH:0
BRF:0
BRH:0
end_of_record
TN:
SF:src\reportWebVitals.ts
FN:3,(anonymous_0)
FN:5,(anonymous_1)
FNF:2
FNH:0
FNDA:0,(anonymous_0)
FNDA:0,(anonymous_1)
DA:3,0
DA:4,0
DA:5,0
DA:6,0
DA:7,0
DA:8,0
DA:9,0
DA:10,0
LF:8
LH:0
BRDA:4,0,0,0
BRDA:4,0,1,0
BRDA:4,1,0,0
BRDA:4,1,1,0
BRF:4
BRH:0
end_of_record
TN:
SF:src\setupTests.ts
FNF:0
FNH:0
LF:0
LH:0
BRF:0
BRH:0
end_of_record
TN:
SF:src\redux\loading.ts
FN:16,(anonymous_0)
FNF:1
FNH:0
FNDA:0,(anonymous_0)
DA:8,0
DA:12,0
DA:17,0
DA:23,0
LF:4
LH:0
BRF:0
BRH:0
end_of_record
TN:
SF:src\redux\login.ts
FN:16,(anonymous_0)
FNF:1
FNH:0
FNDA:0,(anonymous_0)
DA:8,0
DA:12,0
DA:17,0
DA:23,0
LF:4
LH:0
BRF:0
BRH:0
end_of_record
TN:
SF:src\redux\store.ts
FNF:0
FNH:0
DA:5,0
LF:1
LH:0
BRF:0
BRH:0
end_of_record
TN:
SF:src\spreadsheet\db\index.ts
FNF:0
FNH:0
LF:0
LH:0
BRF:0
BRH:0
end_of_record
TN:
SF:src\spreadsheet\model\Cell.ts
FN:8,(anonymous_0)
FN:16,(anonymous_1)
FN:20,(anonymous_2)
FN:24,(anonymous_3)
FN:30,(anonymous_4)
FN:34,(anonymous_5)
FN:38,(anonymous_6)
FN:44,(anonymous_7)
FNF:8
FNH:8
FNDA:959,(anonymous_0)
FNDA:6,(anonymous_1)
FNDA:7,(anonymous_2)
FNDA:619,(anonymous_3)
FNDA:147,(anonymous_4)
FNDA:7,(anonymous_5)
FNDA:50,(anonymous_6)
FNDA:13,(anonymous_7)
DA:9,959
DA:10,959
DA:11,959
DA:17,6
DA:21,7
DA:26,619
DA:31,147
DA:35,7
DA:39,50
DA:45,13
LF:10
LH:10
BRDA:8,0,0,0
BRDA:8,1,0,30
BRF:2
BRH:1
end_of_record
TN:
SF:src\spreadsheet\model\FormulaFunction.spec.ts
FN:5,(anonymous_0)
FN:6,(anonymous_1)
FN:14,(anonymous_2)
FN:28,(anonymous_3)
FN:37,(anonymous_4)
FN:50,(anonymous_5)
FN:65,(anonymous_6)
FN:79,(anonymous_7)
FN:88,(anonymous_8)
FN:96,(anonymous_9)
FN:104,(anonymous_10)
FN:112,(anonymous_11)
FN:121,(anonymous_12)
FN:138,(anonymous_13)
FN:155,(anonymous_14)
FN:176,(anonymous_15)
FN:177,(anonymous_16)
FN:193,(anonymous_17)
FN:209,(anonymous_18)
FN:222,(anonymous_19)
FN:237,(anonymous_20)
FN:253,(anonymous_21)
FN:266,(anonymous_22)
FN:278,(anonymous_23)
FN:289,(anonymous_24)
FN:302,(anonymous_25)
FN:312,(anonymous_26)
FN:321,(anonymous_27)
FN:331,(anonymous_28)
FN:342,(anonymous_29)
FN:344,(anonymous_30)
FN:352,(anonymous_31)
FN:360,(anonymous_32)
FN:373,(anonymous_33)
FN:381,(anonymous_34)
FN:389,(anonymous_35)
FN:397,(anonymous_36)
FN:405,(anonymous_37)
FN:413,(anonymous_38)
FNF:39
FNH:39
FNDA:1,(anonymous_0)
FNDA:1,(anonymous_1)
FNDA:1,(anonymous_2)
FNDA:1,(anonymous_3)
FNDA:1,(anonymous_4)
FNDA:1,(anonymous_5)
FNDA:1,(anonymous_6)
FNDA:1,(anonymous_7)
FNDA:1,(anonymous_8)
FNDA:1,(anonymous_9)
FNDA:1,(anonymous_10)
FNDA:1,(anonymous_11)
FNDA:1,(anonymous_12)
FNDA:1,(anonymous_13)
FNDA:1,(anonymous_14)
FNDA:1,(anonymous_15)
FNDA:1,(anonymous_16)
FNDA:1,(anonymous_17)
FNDA:1,(anonymous_18)
FNDA:1,(anonymous_19)
FNDA:1,(anonymous_20)
FNDA:1,(anonymous_21)
FNDA:1,(anonymous_22)
FNDA:1,(anonymous_23)
FNDA:1,(anonymous_24)
FNDA:1,(anonymous_25)
FNDA:1,(anonymous_26)
FNDA:1,(anonymous_27)
FNDA:1,(anonymous_28)
FNDA:1,(anonymous_29)
FNDA:1,(anonymous_30)
FNDA:1,(anonymous_31)
FNDA:1,(anonymous_32)
FNDA:1,(anonymous_33)
FNDA:1,(anonymous_34)
FNDA:1,(anonymous_35)
FNDA:1,(anonymous_36)
FNDA:1,(anonymous_37)
FNDA:1,(anonymous_38)
DA:5,1
DA:6,1
DA:7,1
DA:8,1
DA:9,1
DA:10,1
DA:11,1
DA:14,1
DA:16,1
DA:17,1
DA:19,1
DA:20,1
DA:21,1
DA:22,1
DA:23,1
DA:25,1
DA:28,1
DA:30,1
DA:32,1
DA:34,1
DA:37,1
DA:38,1
DA:40,1
DA:41,1
DA:42,1
DA:43,1
DA:45,1
DA:47,1
DA:50,1
DA:52,1
DA:53,1
DA:54,1
DA:56,1
DA:57,1
DA:58,1
DA:59,1
DA:61,1
DA:62,1
DA:65,1
DA:67,1
DA:68,1
DA:70,1
DA:71,1
DA:72,1
DA:73,1
DA:75,1
DA:79,1
DA:80,1
DA:81,1
DA:82,1
DA:83,1
DA:84,1
DA:88,1
DA:89,1
DA:90,1
DA:91,1
DA:92,1
DA:93,1
DA:96,1
DA:97,1
DA:98,1
DA:99,1
DA:100,1
DA:101,1
DA:104,1
DA:105,1
DA:106,1
DA:107,1
DA:108,1
DA:109,1
DA:112,1
DA:113,1
DA:114,1
DA:115,1
DA:116,1
DA:117,1
DA:118,1
DA:121,1
DA:122,1
DA:123,1
DA:125,1
DA:126,1
DA:127,1
DA:128,1
DA:130,1
DA:132,1
DA:133,1
DA:134,1
DA:135,1
DA:138,1
DA:139,1
DA:140,1
DA:142,1
DA:143,1
DA:144,1
DA:145,1
DA:147,1
DA:149,1
DA:150,1
DA:151,1
DA:152,1
DA:155,1
DA:156,1
DA:157,1
DA:159,1
DA:160,1
DA:162,1
DA:164,1
DA:165,1
DA:166,1
DA:167,1
DA:176,1
DA:177,1
DA:178,1
DA:179,1
DA:180,1
DA:182,1
DA:184,1
DA:187,1
DA:188,5
DA:190,1
DA:193,1
DA:194,1
DA:195,1
DA:196,1
DA:197,1
DA:199,1
DA:201,1
DA:203,1
DA:204,5
DA:206,1
DA:209,1
DA:210,1
DA:211,1
DA:213,1
DA:215,1
DA:217,1
DA:218,5
DA:222,1
DA:223,1
DA:224,1
DA:225,1
DA:226,1
DA:228,1
DA:230,1
DA:231,5
DA:234,1
DA:237,1
DA:238,1
DA:239,1
DA:240,1
DA:242,1
DA:244,1
DA:246,1
DA:247,5
DA:250,1
DA:253,1
DA:254,1
DA:255,1
DA:257,1
DA:259,1
DA:261,1
DA:262,5
DA:266,1
DA:267,1
DA:268,1
DA:269,1
DA:271,1
DA:273,1
DA:275,1
DA:278,1
DA:279,1
DA:280,1
DA:281,1
DA:282,1
DA:284,1
DA:286,1
DA:289,1
DA:290,1
DA:291,1
DA:293,1
DA:295,1
DA:297,1
DA:298,5
DA:302,1
DA:303,1
DA:304,1
DA:306,1
DA:308,1
DA:312,1
DA:313,1
DA:314,1
DA:316,1
DA:318,1
DA:321,1
DA:322,1
DA:323,1
DA:325,1
DA:327,1
DA:331,1
DA:332,1
DA:333,1
DA:335,1
DA:337,1
DA:342,1
DA:344,1
DA:345,1
DA:346,1
DA:347,1
DA:348,1
DA:349,1
DA:352,1
DA:353,1
DA:354,1
DA:355,1
DA:356,1
DA:357,1
DA:360,1
DA:362,1
DA:363,1
DA:365,1
DA:366,1
DA:367,1
DA:369,1
DA:370,1
DA:373,1
DA:374,1
DA:375,1
DA:376,1
DA:377,1
DA:378,1
DA:381,1
DA:382,1
DA:383,1
DA:384,1
DA:385,1
DA:386,1
DA:389,1
DA:390,1
DA:391,1
DA:392,1
DA:393,1
DA:394,1
DA:397,1
DA:398,1
DA:399,1
DA:400,1
DA:401,1
DA:402,1
DA:405,1
DA:406,1
DA:407,1
DA:408,1
DA:409,1
DA:410,1
DA:413,1
DA:414,1
DA:415,1
DA:416,1
DA:417,1
DA:418,1
LF:261
LH:261
BRF:0
BRH:0
end_of_record
TN:
SF:src\spreadsheet\model\FormulaFunctions.ts
FN:4,EvaluateExpression
FN:17,(anonymous_1)
FN:29,(anonymous_2)
FN:40,(anonymous_3)
FN:66,average
FN:67,(anonymous_5)
FN:71,count
FN:75,sum
FN:76,(anonymous_8)
FN:79,concat
FN:80,(anonymous_10)
FNF:11
FNH:11
FNDA:23,EvaluateExpression
FNDA:1,(anonymous_1)
FNDA:49,(anonymous_2)
FNDA:2,(anonymous_3)
FNDA:2,average
FNDA:10,(anonymous_5)
FNDA:2,count
FNDA:5,sum
FNDA:17,(anonymous_8)
FNDA:1,concat
FNDA:2,(anonymous_10)
DA:10,23
DA:11,23
DA:12,23
DA:13,23
DA:14,23
DA:15,23
DA:17,1
DA:20,23
DA:22,23
DA:23,554
DA:24,0
DA:29,23
DA:30,49
DA:31,49
DA:34,23
DA:37,23
DA:38,23
DA:39,1
DA:40,2
DA:41,1
DA:42,1
DA:45,23
DA:47,23
DA:48,15
DA:51,8
DA:54,1
DA:58,7
DA:67,10
DA:68,2
DA:72,2
DA:76,17
DA:80,2
LF:32
LH:31
BRDA:23,0,0,0
BRDA:23,0,1,554
BRDA:23,1,0,554
BRDA:23,1,1,554
BRDA:31,2,0,22
BRDA:31,2,1,27
BRDA:51,3,0,1
BRDA:51,3,1,7
BRF:8
BRH:7
end_of_record
TN:
SF:src\spreadsheet\model\SpreadSheet.ts
FN:15,(anonymous_0)
FN:36,(anonymous_1)
FN:41,(anonymous_2)
FN:46,(anonymous_3)
FN:64,(anonymous_4)
FN:87,(anonymous_5)
FN:95,(anonymous_6)
FN:104,(anonymous_7)
FN:105,(anonymous_8)
FN:112,(anonymous_9)
FN:117,(anonymous_10)
FN:125,(anonymous_11)
FN:135,(anonymous_12)
FN:147,(anonymous_13)
FN:157,(anonymous_14)
FN:161,(anonymous_15)
FN:168,(anonymous_16)
FN:171,(anonymous_17)
FN:183,(anonymous_18)
FN:196,(anonymous_19)
FN:215,(anonymous_20)
FN:240,(anonymous_21)
FN:256,(anonymous_22)
FN:260,(anonymous_23)
FNF:24
FNH:18
FNDA:36,(anonymous_0)
FNDA:0,(anonymous_1)
FNDA:101,(anonymous_2)
FNDA:6,(anonymous_3)
FNDA:7,(anonymous_4)
FNDA:50,(anonymous_5)
FNDA:57,(anonymous_6)
FNDA:736,(anonymous_7)
FNDA:2180,(anonymous_8)
FNDA:0,(anonymous_9)
FNDA:4,(anonymous_10)
FNDA:1,(anonymous_11)
FNDA:4,(anonymous_12)
FNDA:4,(anonymous_13)
FNDA:32,(anonymous_14)
FNDA:34,(anonymous_15)
FNDA:0,(anonymous_16)
FNDA:23,(anonymous_17)
FNDA:7,(anonymous_18)
FNDA:0,(anonymous_19)
FNDA:0,(anonymous_20)
FNDA:5,(anonymous_21)
FNDA:6,(anonymous_22)
FNDA:0,(anonymous_23)
DA:10,36
DA:17,36
DA:18,36
DA:19,36
DA:20,36
DA:21,36
DA:23,36
DA:24,0
DA:26,36
DA:27,36
DA:28,177
DA:29,177
DA:30,879
DA:37,0
DA:42,101
DA:47,6
DA:48,6
DA:50,6
DA:51,6
DA:54,6
DA:55,5
DA:56,5
DA:57,1
DA:61,6
DA:65,7
DA:69,7
DA:70,7
DA:71,7
DA:73,7
DA:74,7
DA:75,0
DA:79,0
DA:82,7
DA:88,50
DA:89,50
DA:90,50
DA:91,43
DA:92,50
DA:96,57
DA:97,23
DA:98,23
DA:100,34
DA:105,2180
DA:106,736
DA:107,736
DA:108,736
DA:113,0
DA:118,4
DA:119,3
DA:120,3
DA:126,1
DA:127,0
DA:128,0
DA:129,0
DA:136,4
DA:137,3
DA:138,3
DA:139,15
DA:141,3
DA:142,3
DA:148,4
DA:149,3
DA:150,15
DA:151,15
DA:152,15
DA:158,32
DA:162,34
DA:163,0
DA:165,34
DA:172,23
DA:173,23
DA:174,112
DA:175,112
DA:176,554
DA:179,23
DA:184,7
DA:186,7
DA:187,0
DA:188,0
DA:189,0
DA:193,7
DA:198,0
DA:199,0
DA:200,0
DA:204,0
DA:205,0
DA:206,0
DA:207,0
DA:211,0
DA:216,0
DA:217,0
DA:219,0
DA:220,0
DA:223,0
DA:224,0
DA:227,0
DA:228,0
DA:229,0
DA:230,0
DA:233,0
DA:235,0
DA:241,5
DA:243,5
DA:244,25
DA:245,25
DA:246,125
DA:247,125
DA:248,1
DA:253,5
DA:257,6
DA:259,6
DA:260,0
DA:261,0
DA:262,0
DA:265,6
LF:115
LH:80
BRDA:23,0,0,0
BRDA:23,0,1,36
BRDA:54,1,0,5
BRDA:54,1,1,1
BRDA:70,2,0,0
BRDA:70,2,1,7
BRDA:90,3,0,7
BRDA:90,3,1,43
BRDA:96,4,0,23
BRDA:96,4,1,34
BRDA:118,5,0,3
BRDA:118,5,1,1
BRDA:118,6,0,4
BRDA:118,6,1,4
BRDA:126,7,0,0
BRDA:126,7,1,1
BRDA:126,8,0,1
BRDA:126,8,1,1
BRDA:136,9,0,3
BRDA:136,9,1,1
BRDA:136,10,0,4
BRDA:136,10,1,4
BRDA:148,11,0,3
BRDA:148,11,1,1
BRDA:148,12,0,4
BRDA:148,12,1,4
BRDA:162,13,0,0
BRDA:162,13,1,34
BRDA:188,14,0,0
BRDA:188,14,1,0
BRDA:199,15,0,0
BRDA:199,15,1,0
BRDA:199,16,0,0
BRDA:199,16,1,0
BRDA:206,17,0,0
BRDA:206,17,1,0
BRDA:206,18,0,0
BRDA:206,18,1,0
BRDA:219,19,0,0
BRDA:219,19,1,0
BRDA:247,20,0,1
BRDA:247,20,1,124
BRF:42
BRH:26
end_of_record
TN:
SF:src\spreadsheet\model\SpreadSheetWrapper.ts
FN:10,(anonymous_0)
FN:22,(anonymous_1)
FN:26,(anonymous_2)
FNF:3
FNH:0
FNDA:0,(anonymous_0)
FNDA:0,(anonymous_1)
FNDA:0,(anonymous_2)
DA:7,0
DA:8,0
DA:19,0
DA:23,0
DA:27,0
LF:5
LH:0
BRF:0
BRH:0
end_of_record
TN:
SF:src\spreadsheet\model\User.ts
FN:8,(anonymous_0)
FN:16,(anonymous_1)
FN:20,(anonymous_2)
FN:22,(anonymous_3)
FN:23,(anonymous_4)
FN:29,(anonymous_5)
FN:33,(anonymous_6)
FN:34,(anonymous_7)
FN:35,(anonymous_8)
FN:41,(anonymous_9)
FN:44,(anonymous_10)
FN:48,(anonymous_11)
FNF:12
FNH:0
FNDA:0,(anonymous_0)
FNDA:0,(anonymous_1)
FNDA:0,(anonymous_2)
FNDA:0,(anonymous_3)
FNDA:0,(anonymous_4)
FNDA:0,(anonymous_5)
FNDA:0,(anonymous_6)
FNDA:0,(anonymous_7)
FNDA:0,(anonymous_8)
FNDA:0,(anonymous_9)
FNDA:0,(anonymous_10)
FNDA:0,(anonymous_11)
DA:9,0
DA:10,0
DA:11,0
DA:12,0
DA:17,0
DA:22,0
DA:23,0
DA:25,0
DA:30,0
DA:34,0
DA:35,0
DA:37,0
DA:42,0
DA:44,0
DA:45,0
DA:48,0
DA:49,0
DA:52,0
LF:18
LH:0
BRDA:22,0,0,0
BRDA:22,0,1,0
BRDA:34,1,0,0
BRDA:34,1,1,0
BRDA:52,2,0,0
BRDA:52,2,1,0
BRF:6
BRH:0
end_of_record
TN:
SF:src\spreadsheet\model\cell.spec.ts
FN:43,(anonymous_0)
FNF:1
FNH:0
FNDA:0,(anonymous_0)
DA:43,0
LF:1
LH:0
BRF:0
BRH:0
end_of_record
